{"/Users/georgetan/Documents/snippets/eo-immoc/json-schema-form/packages/SchemaForm.tsx": {"path":"/Users/georgetan/Documents/snippets/eo-immoc/json-schema-form/packages/SchemaForm.tsx","statementMap":{"0":{"start":{"line":1,"column":0},"end":{"line":1,"column":null}},"1":{"start":{"line":2,"column":0},"end":{"line":2,"column":null}},"2":{"start":{"line":3,"column":0},"end":{"line":3,"column":null}},"3":{"start":{"line":6,"column":15},"end":{"line":6,"column":31}},"4":{"start":{"line":24,"column":26},"end":{"line":26,"column":null}},"5":{"start":{"line":25,"column":6},"end":{"line":25,"column":11}},"6":{"start":{"line":28,"column":4},"end":{"line":28,"column":12}},"7":{"start":{"line":30,"column":4},"end":{"line":30,"column":11}},"8":{"start":{"line":31,"column":32},"end":{"line":31,"column":null}},"9":{"start":{"line":32,"column":6},"end":{"line":32,"column":null}}},"fnMap":{"0":{"name":"(anonymous_0)","decl":{"start":{"line":21,"column":2},"end":{"line":21,"column":7}},"loc":{"start":{"line":21,"column":13},"end":{"line":41,"column":null}}},"1":{"name":"(anonymous_1)","decl":{"start":{"line":24,"column":26},"end":{"line":24,"column":36}},"loc":{"start":{"line":24,"column":36},"end":{"line":26,"column":null}}},"2":{"name":"(anonymous_2)","decl":{"start":{"line":30,"column":11},"end":{"line":30,"column":16}},"loc":{"start":{"line":30,"column":16},"end":{"line":40,"column":null}}}},"branchMap":{},"s":{"0":3,"1":3,"2":3,"3":3,"4":7,"5":4,"6":7,"7":7,"8":7,"9":7},"f":{"0":7,"1":4,"2":7},"b":{}}
,"/Users/georgetan/Documents/snippets/eo-immoc/json-schema-form/packages/SchemaItem.tsx": {"path":"/Users/georgetan/Documents/snippets/eo-immoc/json-schema-form/packages/SchemaItem.tsx","statementMap":{"0":{"start":{"line":1,"column":0},"end":{"line":1,"column":null}},"1":{"start":{"line":2,"column":0},"end":{"line":2,"column":null}},"2":{"start":{"line":3,"column":0},"end":{"line":3,"column":null}},"3":{"start":{"line":4,"column":0},"end":{"line":4,"column":null}},"4":{"start":{"line":5,"column":0},"end":{"line":5,"column":null}},"5":{"start":{"line":6,"column":0},"end":{"line":6,"column":null}},"6":{"start":{"line":12,"column":0},"end":{"line":12,"column":null}},"7":{"start":{"line":14,"column":15},"end":{"line":14,"column":31}},"8":{"start":{"line":19,"column":31},"end":{"line":19,"column":40}},"9":{"start":{"line":20,"column":44},"end":{"line":20,"column":null}},"10":{"start":{"line":21,"column":6},"end":{"line":21,"column":13}},"11":{"start":{"line":24,"column":4},"end":{"line":24,"column":11}},"12":{"start":{"line":25,"column":25},"end":{"line":25,"column":null}},"13":{"start":{"line":27,"column":30},"end":{"line":27,"column":null}},"14":{"start":{"line":30,"column":19},"end":{"line":30,"column":null}},"15":{"start":{"line":34,"column":6},"end":{"line":34,"column":14}},"16":{"start":{"line":36,"column":10},"end":{"line":36,"column":19}},"17":{"start":{"line":37,"column":10},"end":{"line":37,"column":null}},"18":{"start":{"line":40,"column":10},"end":{"line":40,"column":19}},"19":{"start":{"line":41,"column":10},"end":{"line":41,"column":null}},"20":{"start":{"line":44,"column":10},"end":{"line":44,"column":19}},"21":{"start":{"line":45,"column":10},"end":{"line":45,"column":null}},"22":{"start":{"line":48,"column":10},"end":{"line":48,"column":19}},"23":{"start":{"line":49,"column":10},"end":{"line":49,"column":null}},"24":{"start":{"line":52,"column":10},"end":{"line":52,"column":17}},"25":{"start":{"line":56,"column":6},"end":{"line":56,"column":28}}},"fnMap":{"0":{"name":"(anonymous_0)","decl":{"start":{"line":17,"column":2},"end":{"line":17,"column":7}},"loc":{"start":{"line":17,"column":13},"end":{"line":58,"column":null}}},"1":{"name":"(anonymous_1)","decl":{"start":{"line":19,"column":40},"end":{"line":19,"column":45}},"loc":{"start":{"line":19,"column":45},"end":{"line":22,"column":null}}},"2":{"name":"(anonymous_2)","decl":{"start":{"line":24,"column":11},"end":{"line":24,"column":16}},"loc":{"start":{"line":24,"column":16},"end":{"line":57,"column":null}}}},"branchMap":{"0":{"loc":{"start":{"line":35,"column":8},"end":{"line":38,"column":null}},"type":"switch","locations":[{"start":{"line":35,"column":8},"end":{"line":38,"column":null}},{"start":{"line":39,"column":8},"end":{"line":42,"column":null}},{"start":{"line":43,"column":8},"end":{"line":46,"column":null}},{"start":{"line":47,"column":8},"end":{"line":50,"column":null}},{"start":{"line":51,"column":8},"end":{"line":53,"column":null}}]}},"s":{"0":3,"1":3,"2":3,"3":3,"4":3,"5":3,"6":3,"7":3,"8":17,"9":20,"10":20,"11":17,"12":23,"13":23,"14":23,"15":23,"16":7,"17":7,"18":10,"19":10,"20":3,"21":3,"22":3,"23":3,"24":0,"25":23},"f":{"0":17,"1":20,"2":23},"b":{"0":[7,10,3,3,0]}}
,"/Users/georgetan/Documents/snippets/eo-immoc/json-schema-form/packages/context.ts": {"path":"/Users/georgetan/Documents/snippets/eo-immoc/json-schema-form/packages/context.ts","statementMap":{"0":{"start":{"line":1,"column":0},"end":{"line":1,"column":null}},"1":{"start":{"line":4,"column":36},"end":{"line":4,"column":null}},"2":{"start":{"line":11,"column":4},"end":{"line":11,"column":11}},"3":{"start":{"line":13,"column":2},"end":{"line":13,"column":22}},"4":{"start":{"line":13,"column":16},"end":{"line":13,"column":22}},"5":{"start":{"line":15,"column":2},"end":{"line":15,"column":9}}},"fnMap":{"0":{"name":"useSchemaFromContext","decl":{"start":{"line":8,"column":16},"end":{"line":8,"column":36}},"loc":{"start":{"line":8,"column":36},"end":{"line":16,"column":null}}}},"branchMap":{"0":{"loc":{"start":{"line":13,"column":2},"end":{"line":13,"column":22}},"type":"if","locations":[{"start":{"line":13,"column":2},"end":{"line":13,"column":22}},{"start":{"line":13,"column":2},"end":{"line":13,"column":22}}]}},"s":{"0":3,"1":3,"2":6,"3":6,"4":0,"5":6},"f":{"0":6},"b":{"0":[0,6]}}
,"/Users/georgetan/Documents/snippets/eo-immoc/json-schema-form/packages/index.ts": {"path":"/Users/georgetan/Documents/snippets/eo-immoc/json-schema-form/packages/index.ts","statementMap":{"0":{"start":{"line":1,"column":0},"end":{"line":1,"column":null}},"1":{"start":{"line":2,"column":0},"end":{"line":2,"column":null}},"2":{"start":{"line":3,"column":0},"end":{"line":3,"column":null}},"3":{"start":{"line":4,"column":0},"end":{"line":4,"column":null}},"4":{"start":{"line":5,"column":0},"end":{"line":5,"column":null}},"5":{"start":{"line":6,"column":15},"end":{"line":6,"column":null}}},"fnMap":{},"branchMap":{},"s":{"0":3,"1":3,"2":3,"3":3,"4":3,"5":3},"f":{},"b":{}}
,"/Users/georgetan/Documents/snippets/eo-immoc/json-schema-form/packages/types.ts": {"path":"/Users/georgetan/Documents/snippets/eo-immoc/json-schema-form/packages/types.ts","statementMap":{"0":{"start":{"line":3,"column":0},"end":{"line":3,"column":12}},"1":{"start":{"line":4,"column":2},"end":{"line":4,"column":null}},"2":{"start":{"line":5,"column":2},"end":{"line":5,"column":null}},"3":{"start":{"line":6,"column":2},"end":{"line":6,"column":null}},"4":{"start":{"line":7,"column":2},"end":{"line":7,"column":null}},"5":{"start":{"line":8,"column":2},"end":{"line":8,"column":null}},"6":{"start":{"line":9,"column":2},"end":{"line":9,"column":null}},"7":{"start":{"line":52,"column":32},"end":{"line":52,"column":null}}},"fnMap":{"0":{"name":"(anonymous_0)","decl":{"start":{"line":3,"column":0},"end":{"line":3,"column":12}},"loc":{"start":{"line":3,"column":23},"end":{"line":10,"column":null}}}},"branchMap":{"0":{"loc":{"start":{"line":3,"column":12},"end":{"line":3,"column":23}},"type":"binary-expr","locations":[{"start":{"line":3,"column":12},"end":{"line":3,"column":23}},{"start":{"line":3,"column":23},"end":{"line":3,"column":null}}]}},"s":{"0":3,"1":3,"2":3,"3":3,"4":3,"5":3,"6":3,"7":3},"f":{"0":3},"b":{"0":[3,3]}}
,"/Users/georgetan/Documents/snippets/eo-immoc/json-schema-form/packages/utils.ts": {"path":"/Users/georgetan/Documents/snippets/eo-immoc/json-schema-form/packages/utils.ts","statementMap":{"0":{"start":{"line":1,"column":0},"end":{"line":1,"column":null}},"1":{"start":{"line":2,"column":0},"end":{"line":2,"column":null}},"2":{"start":{"line":3,"column":0},"end":{"line":3,"column":null}},"3":{"start":{"line":4,"column":0},"end":{"line":4,"column":null}},"4":{"start":{"line":8,"column":2},"end":{"line":8,"column":9}},"5":{"start":{"line":12,"column":2},"end":{"line":12,"column":9}},"6":{"start":{"line":20,"column":2},"end":{"line":20,"column":9}},"7":{"start":{"line":27,"column":24},"end":{"line":27,"column":28}},"8":{"start":{"line":29,"column":16},"end":{"line":29,"column":31}},"9":{"start":{"line":30,"column":2},"end":{"line":30,"column":9}},"10":{"start":{"line":39,"column":2},"end":{"line":54,"column":null}},"11":{"start":{"line":40,"column":4},"end":{"line":40,"column":11}},"12":{"start":{"line":41,"column":9},"end":{"line":54,"column":null}},"13":{"start":{"line":42,"column":27},"end":{"line":42,"column":47}},"14":{"start":{"line":43,"column":4},"end":{"line":43,"column":11}},"15":{"start":{"line":44,"column":9},"end":{"line":54,"column":null}},"16":{"start":{"line":45,"column":4},"end":{"line":45,"column":11}},"17":{"start":{"line":48,"column":8},"end":{"line":48,"column":23}},"18":{"start":{"line":53,"column":4},"end":{"line":53,"column":11}},"19":{"start":{"line":62,"column":2},"end":{"line":64,"column":null}},"20":{"start":{"line":63,"column":4},"end":{"line":63,"column":11}},"21":{"start":{"line":65,"column":23},"end":{"line":65,"column":37}},"22":{"start":{"line":68,"column":2},"end":{"line":80,"column":null}},"23":{"start":{"line":69,"column":4},"end":{"line":79,"column":null}},"24":{"start":{"line":70,"column":6},"end":{"line":70,"column":20}},"25":{"start":{"line":76,"column":6},"end":{"line":76,"column":13}},"26":{"start":{"line":77,"column":55},"end":{"line":77,"column":null}},"27":{"start":{"line":78,"column":6},"end":{"line":78,"column":13}},"28":{"start":{"line":82,"column":4},"end":{"line":83,"column":null}},"29":{"start":{"line":84,"column":2},"end":{"line":91,"column":null}},"30":{"start":{"line":86,"column":4},"end":{"line":86,"column":11}},"31":{"start":{"line":92,"column":2},"end":{"line":92,"column":9}},"32":{"start":{"line":95,"column":40},"end":{"line":95,"column":null}},"33":{"start":{"line":103,"column":2},"end":{"line":103,"column":8}},"34":{"start":{"line":108,"column":2},"end":{"line":108,"column":8}},"35":{"start":{"line":109,"column":4},"end":{"line":112,"column":null}},"36":{"start":{"line":111,"column":6},"end":{"line":111,"column":null}},"37":{"start":{"line":115,"column":4},"end":{"line":125,"column":null}},"38":{"start":{"line":116,"column":6},"end":{"line":116,"column":26}},"39":{"start":{"line":121,"column":11},"end":{"line":125,"column":null}},"40":{"start":{"line":122,"column":6},"end":{"line":122,"column":26}},"41":{"start":{"line":124,"column":6},"end":{"line":124,"column":26}},"42":{"start":{"line":128,"column":5},"end":{"line":128,"column":19}},"43":{"start":{"line":130,"column":5},"end":{"line":130,"column":19}},"44":{"start":{"line":133,"column":2},"end":{"line":133,"column":9}},"45":{"start":{"line":151,"column":21},"end":{"line":151,"column":42}},"46":{"start":{"line":153,"column":35},"end":{"line":153,"column":null}},"47":{"start":{"line":155,"column":2},"end":{"line":155,"column":9}},"48":{"start":{"line":163,"column":18},"end":{"line":163,"column":null}},"49":{"start":{"line":164,"column":2},"end":{"line":169,"column":null}},"50":{"start":{"line":166,"column":4},"end":{"line":166,"column":8}},"51":{"start":{"line":168,"column":4},"end":{"line":168,"column":10}},"52":{"start":{"line":170,"column":18},"end":{"line":170,"column":30}},"53":{"start":{"line":171,"column":2},"end":{"line":173,"column":null}},"54":{"start":{"line":172,"column":4},"end":{"line":172,"column":10}},"55":{"start":{"line":174,"column":2},"end":{"line":177,"column":null}},"56":{"start":{"line":176,"column":4},"end":{"line":176,"column":11}},"57":{"start":{"line":178,"column":2},"end":{"line":178,"column":9}},"58":{"start":{"line":187,"column":49},"end":{"line":187,"column":57}},"59":{"start":{"line":188,"column":2},"end":{"line":198,"column":null}},"60":{"start":{"line":189,"column":4},"end":{"line":189,"column":18}},"61":{"start":{"line":193,"column":9},"end":{"line":198,"column":null}},"62":{"start":{"line":194,"column":4},"end":{"line":194,"column":18}},"63":{"start":{"line":199,"column":2},"end":{"line":199,"column":9}},"64":{"start":{"line":213,"column":2},"end":{"line":244,"column":null}},"65":{"start":{"line":215,"column":4},"end":{"line":217,"column":null}},"66":{"start":{"line":216,"column":6},"end":{"line":216,"column":null}},"67":{"start":{"line":219,"column":4},"end":{"line":224,"column":null}},"68":{"start":{"line":223,"column":6},"end":{"line":223,"column":null}},"69":{"start":{"line":226,"column":6},"end":{"line":226,"column":null}},"70":{"start":{"line":227,"column":4},"end":{"line":237,"column":null}},"71":{"start":{"line":228,"column":6},"end":{"line":228,"column":20}},"72":{"start":{"line":229,"column":11},"end":{"line":237,"column":null}},"73":{"start":{"line":230,"column":6},"end":{"line":230,"column":20}},"74":{"start":{"line":238,"column":4},"end":{"line":238,"column":11}},"75":{"start":{"line":245,"column":2},"end":{"line":245,"column":9}},"76":{"start":{"line":249,"column":2},"end":{"line":251,"column":null}},"77":{"start":{"line":250,"column":4},"end":{"line":250,"column":11}},"78":{"start":{"line":252,"column":19},"end":{"line":254,"column":null}},"79":{"start":{"line":255,"column":2},"end":{"line":255,"column":9}},"80":{"start":{"line":266,"column":40},"end":{"line":266,"column":null}},"81":{"start":{"line":271,"column":2},"end":{"line":271,"column":8}},"82":{"start":{"line":273,"column":2},"end":{"line":277,"column":null}},"83":{"start":{"line":274,"column":4},"end":{"line":274,"column":11}},"84":{"start":{"line":275,"column":9},"end":{"line":277,"column":null}},"85":{"start":{"line":276,"column":4},"end":{"line":276,"column":10}},"86":{"start":{"line":279,"column":24},"end":{"line":279,"column":29}},"87":{"start":{"line":280,"column":4},"end":{"line":282,"column":null}},"88":{"start":{"line":284,"column":2},"end":{"line":284,"column":9}},"89":{"start":{"line":300,"column":26},"end":{"line":300,"column":31}},"90":{"start":{"line":301,"column":4},"end":{"line":303,"column":null}},"91":{"start":{"line":302,"column":6},"end":{"line":302,"column":13}},"92":{"start":{"line":304,"column":57},"end":{"line":304,"column":null}},"93":{"start":{"line":305,"column":4},"end":{"line":315,"column":null}},"94":{"start":{"line":306,"column":30},"end":{"line":306,"column":null}},"95":{"start":{"line":313,"column":25},"end":{"line":313,"column":38}},"96":{"start":{"line":314,"column":6},"end":{"line":314,"column":13}},"97":{"start":{"line":317,"column":2},"end":{"line":322,"column":null}},"98":{"start":{"line":318,"column":4},"end":{"line":318,"column":11}},"99":{"start":{"line":321,"column":4},"end":{"line":321,"column":11}},"100":{"start":{"line":324,"column":20},"end":{"line":324,"column":36}},"101":{"start":{"line":326,"column":4},"end":{"line":326,"column":null}},"102":{"start":{"line":327,"column":26},"end":{"line":327,"column":28}},"103":{"start":{"line":328,"column":2},"end":{"line":328,"column":9}},"104":{"start":{"line":341,"column":14},"end":{"line":341,"column":20}},"105":{"start":{"line":342,"column":2},"end":{"line":342,"column":9}},"106":{"start":{"line":343,"column":17},"end":{"line":343,"column":null}},"107":{"start":{"line":344,"column":14},"end":{"line":344,"column":19}},"108":{"start":{"line":345,"column":4},"end":{"line":360,"column":null}},"109":{"start":{"line":346,"column":6},"end":{"line":346,"column":9}},"110":{"start":{"line":347,"column":11},"end":{"line":360,"column":null}},"111":{"start":{"line":357,"column":6},"end":{"line":357,"column":9}},"112":{"start":{"line":359,"column":6},"end":{"line":359,"column":9}},"113":{"start":{"line":361,"column":4},"end":{"line":361,"column":11}},"114":{"start":{"line":375,"column":19},"end":{"line":375,"column":null}},"115":{"start":{"line":377,"column":2},"end":{"line":379,"column":null}},"116":{"start":{"line":378,"column":4},"end":{"line":378,"column":11}},"117":{"start":{"line":381,"column":2},"end":{"line":383,"column":null}},"118":{"start":{"line":382,"column":4},"end":{"line":382,"column":11}},"119":{"start":{"line":385,"column":2},"end":{"line":387,"column":null}},"120":{"start":{"line":386,"column":4},"end":{"line":386,"column":11}},"121":{"start":{"line":389,"column":17},"end":{"line":389,"column":null}},"122":{"start":{"line":390,"column":2},"end":{"line":392,"column":null}},"123":{"start":{"line":391,"column":4},"end":{"line":391,"column":11}},"124":{"start":{"line":391,"column":26},"end":{"line":391,"column":null}},"125":{"start":{"line":394,"column":2},"end":{"line":394,"column":9}},"126":{"start":{"line":423,"column":25},"end":{"line":439,"column":null}},"127":{"start":{"line":424,"column":2},"end":{"line":436,"column":null}},"128":{"start":{"line":425,"column":4},"end":{"line":425,"column":11}},"129":{"start":{"line":426,"column":9},"end":{"line":436,"column":null}},"130":{"start":{"line":427,"column":4},"end":{"line":427,"column":11}},"131":{"start":{"line":428,"column":9},"end":{"line":436,"column":null}},"132":{"start":{"line":429,"column":4},"end":{"line":429,"column":11}},"133":{"start":{"line":430,"column":9},"end":{"line":436,"column":null}},"134":{"start":{"line":431,"column":4},"end":{"line":431,"column":11}},"135":{"start":{"line":432,"column":9},"end":{"line":436,"column":null}},"136":{"start":{"line":433,"column":4},"end":{"line":433,"column":11}},"137":{"start":{"line":434,"column":9},"end":{"line":436,"column":null}},"138":{"start":{"line":435,"column":4},"end":{"line":435,"column":11}},"139":{"start":{"line":438,"column":2},"end":{"line":438,"column":9}},"140":{"start":{"line":442,"column":2},"end":{"line":442,"column":null}},"141":{"start":{"line":449,"column":17},"end":{"line":449,"column":32}},"142":{"start":{"line":450,"column":21},"end":{"line":450,"column":null}},"143":{"start":{"line":451,"column":2},"end":{"line":455,"column":null}},"144":{"start":{"line":452,"column":4},"end":{"line":452,"column":11}},"145":{"start":{"line":453,"column":9},"end":{"line":455,"column":null}},"146":{"start":{"line":454,"column":4},"end":{"line":454,"column":11}},"147":{"start":{"line":454,"column":42},"end":{"line":454,"column":53}},"148":{"start":{"line":456,"column":2},"end":{"line":456,"column":9}},"149":{"start":{"line":460,"column":2},"end":{"line":462,"column":null}},"150":{"start":{"line":461,"column":4},"end":{"line":461,"column":11}},"151":{"start":{"line":463,"column":2},"end":{"line":463,"column":9}},"152":{"start":{"line":472,"column":2},"end":{"line":522,"column":null}},"153":{"start":{"line":472,"column":15},"end":{"line":472,"column":18}},"154":{"start":{"line":473,"column":19},"end":{"line":473,"column":27}},"155":{"start":{"line":482,"column":4},"end":{"line":521,"column":null}},"156":{"start":{"line":485,"column":28},"end":{"line":485,"column":null}},"157":{"start":{"line":486,"column":58},"end":{"line":486,"column":null}},"158":{"start":{"line":494,"column":6},"end":{"line":510,"column":null}},"159":{"start":{"line":496,"column":36},"end":{"line":496,"column":null}},"160":{"start":{"line":498,"column":8},"end":{"line":503,"column":null}},"161":{"start":{"line":499,"column":10},"end":{"line":499,"column":22}},"162":{"start":{"line":502,"column":10},"end":{"line":502,"column":22}},"163":{"start":{"line":505,"column":8},"end":{"line":505,"column":20}},"164":{"start":{"line":507,"column":8},"end":{"line":507,"column":23}},"165":{"start":{"line":509,"column":8},"end":{"line":509,"column":23}},"166":{"start":{"line":514,"column":6},"end":{"line":514,"column":13}},"167":{"start":{"line":516,"column":6},"end":{"line":518,"column":null}},"168":{"start":{"line":517,"column":8},"end":{"line":517,"column":15}},"169":{"start":{"line":519,"column":11},"end":{"line":521,"column":null}},"170":{"start":{"line":520,"column":6},"end":{"line":520,"column":13}},"171":{"start":{"line":523,"column":2},"end":{"line":523,"column":9}},"172":{"start":{"line":527,"column":2},"end":{"line":548,"column":null}},"173":{"start":{"line":528,"column":4},"end":{"line":530,"column":null}},"174":{"start":{"line":529,"column":6},"end":{"line":529,"column":14}},"175":{"start":{"line":531,"column":4},"end":{"line":531,"column":11}},"176":{"start":{"line":532,"column":6},"end":{"line":534,"column":null}},"177":{"start":{"line":533,"column":8},"end":{"line":533,"column":15}},"178":{"start":{"line":535,"column":6},"end":{"line":535,"column":13}},"179":{"start":{"line":537,"column":9},"end":{"line":548,"column":null}},"180":{"start":{"line":538,"column":16},"end":{"line":538,"column":22}},"181":{"start":{"line":539,"column":4},"end":{"line":539,"column":11}},"182":{"start":{"line":540,"column":6},"end":{"line":540,"column":9}},"183":{"start":{"line":544,"column":6},"end":{"line":544,"column":13}},"184":{"start":{"line":547,"column":4},"end":{"line":547,"column":11}},"185":{"start":{"line":557,"column":2},"end":{"line":559,"column":null}},"186":{"start":{"line":558,"column":4},"end":{"line":558,"column":10}},"187":{"start":{"line":561,"column":19},"end":{"line":561,"column":null}},"188":{"start":{"line":570,"column":2},"end":{"line":573,"column":null}},"189":{"start":{"line":572,"column":4},"end":{"line":572,"column":11}},"190":{"start":{"line":574,"column":2},"end":{"line":576,"column":null}},"191":{"start":{"line":575,"column":4},"end":{"line":575,"column":11}},"192":{"start":{"line":577,"column":2},"end":{"line":579,"column":null}},"193":{"start":{"line":578,"column":4},"end":{"line":578,"column":11}},"194":{"start":{"line":580,"column":2},"end":{"line":580,"column":9}}},"fnMap":{"0":{"name":"isObject","decl":{"start":{"line":7,"column":16},"end":{"line":7,"column":25}},"loc":{"start":{"line":7,"column":35},"end":{"line":9,"column":null}}},"1":{"name":"isEmptyObject","decl":{"start":{"line":11,"column":16},"end":{"line":11,"column":30}},"loc":{"start":{"line":11,"column":40},"end":{"line":13,"column":null}}},"2":{"name":"hasOwnProperty","decl":{"start":{"line":15,"column":16},"end":{"line":15,"column":31}},"loc":{"start":{"line":15,"column":52},"end":{"line":21,"column":null}}},"3":{"name":"validateData","decl":{"start":{"line":28,"column":16},"end":{"line":28,"column":29}},"loc":{"start":{"line":28,"column":51},"end":{"line":34,"column":null}}},"4":{"name":"resolveSchema","decl":{"start":{"line":38,"column":16},"end":{"line":38,"column":30}},"loc":{"start":{"line":38,"column":76},"end":{"line":55,"column":null}}},"5":{"name":"(anonymous_5)","decl":{"start":{"line":47,"column":30},"end":{"line":47,"column":44}},"loc":{"start":{"line":48,"column":8},"end":{"line":48,"column":23}}},"6":{"name":"retrieveSchema","decl":{"start":{"line":57,"column":16},"end":{"line":57,"column":null}},"loc":{"start":{"line":60,"column":20},"end":{"line":93,"column":null}}},"7":{"name":"stubExistingAdditionalProperties","decl":{"start":{"line":97,"column":16},"end":{"line":97,"column":null}},"loc":{"start":{"line":100,"column":20},"end":{"line":134,"column":null}}},"8":{"name":"(anonymous_8)","decl":{"start":{"line":108,"column":32},"end":{"line":108,"column":35}},"loc":{"start":{"line":108,"column":38},"end":{"line":131,"column":null}}},"9":{"name":"resolveReference","decl":{"start":{"line":149,"column":9},"end":{"line":149,"column":26}},"loc":{"start":{"line":149,"column":69},"end":{"line":160,"column":null}}},"10":{"name":"findSchemaDefinition","decl":{"start":{"line":162,"column":16},"end":{"line":162,"column":37}},"loc":{"start":{"line":162,"column":66},"end":{"line":179,"column":null}}},"11":{"name":"resolveDependencies","decl":{"start":{"line":181,"column":9},"end":{"line":181,"column":null}},"loc":{"start":{"line":184,"column":15},"end":{"line":205,"column":null}}},"12":{"name":"processDependencies","decl":{"start":{"line":206,"column":9},"end":{"line":206,"column":null}},"loc":{"start":{"line":210,"column":15},"end":{"line":246,"column":null}}},"13":{"name":"withDependentProperties","decl":{"start":{"line":248,"column":9},"end":{"line":248,"column":33}},"loc":{"start":{"line":248,"column":71},"end":{"line":256,"column":null}}},"14":{"name":"withDependentSchema","decl":{"start":{"line":258,"column":9},"end":{"line":258,"column":null}},"loc":{"start":{"line":263,"column":22},"end":{"line":291,"column":null}}},"15":{"name":"(anonymous_15)","decl":{"start":{"line":279,"column":34},"end":{"line":279,"column":43}},"loc":{"start":{"line":280,"column":4},"end":{"line":282,"column":null}}},"16":{"name":"withExactlyOneSubschema","decl":{"start":{"line":293,"column":9},"end":{"line":293,"column":null}},"loc":{"start":{"line":298,"column":12},"end":{"line":333,"column":null}}},"17":{"name":"(anonymous_17)","decl":{"start":{"line":300,"column":40},"end":{"line":300,"column":58}},"loc":{"start":{"line":300,"column":58},"end":{"line":316,"column":null}}},"18":{"name":"mergeSchemas","decl":{"start":{"line":340,"column":16},"end":{"line":340,"column":29}},"loc":{"start":{"line":340,"column":49},"end":{"line":363,"column":null}}},"19":{"name":"(anonymous_19)","decl":{"start":{"line":342,"column":34},"end":{"line":342,"column":35}},"loc":{"start":{"line":342,"column":47},"end":{"line":362,"column":5}}},"20":{"name":"getSchemaType","decl":{"start":{"line":374,"column":16},"end":{"line":374,"column":30}},"loc":{"start":{"line":374,"column":44},"end":{"line":419,"column":null}}},"21":{"name":"(anonymous_21)","decl":{"start":{"line":391,"column":18},"end":{"line":391,"column":22}},"loc":{"start":{"line":391,"column":26},"end":{"line":391,"column":null}}},"22":{"name":"guessType","decl":{"start":{"line":423,"column":34},"end":{"line":423,"column":44}},"loc":{"start":{"line":423,"column":54},"end":{"line":439,"column":null}}},"23":{"name":"isConstant","decl":{"start":{"line":441,"column":16},"end":{"line":441,"column":27}},"loc":{"start":{"line":441,"column":41},"end":{"line":446,"column":null}}},"24":{"name":"isSelect","decl":{"start":{"line":448,"column":16},"end":{"line":448,"column":25}},"loc":{"start":{"line":448,"column":62},"end":{"line":457,"column":null}}},"25":{"name":"(anonymous_25)","decl":{"start":{"line":454,"column":28},"end":{"line":454,"column":38}},"loc":{"start":{"line":454,"column":42},"end":{"line":454,"column":53}}},"26":{"name":"isMultiSelect","decl":{"start":{"line":459,"column":16},"end":{"line":459,"column":30}},"loc":{"start":{"line":459,"column":69},"end":{"line":464,"column":null}}},"27":{"name":"getMatchingOption","decl":{"start":{"line":467,"column":16},"end":{"line":467,"column":null}},"loc":{"start":{"line":470,"column":49},"end":{"line":524,"column":null}}},"28":{"name":"(anonymous_28)","decl":{"start":{"line":486,"column":50},"end":{"line":486,"column":53}},"loc":{"start":{"line":486,"column":58},"end":{"line":486,"column":null}}},"29":{"name":"mergeDefaultsWithFormData","decl":{"start":{"line":526,"column":16},"end":{"line":526,"column":42}},"loc":{"start":{"line":526,"column":70},"end":{"line":549,"column":null}}},"30":{"name":"(anonymous_30)","decl":{"start":{"line":531,"column":24},"end":{"line":531,"column":25}},"loc":{"start":{"line":531,"column":39},"end":{"line":536,"column":null}}},"31":{"name":"(anonymous_31)","decl":{"start":{"line":539,"column":40},"end":{"line":539,"column":41}},"loc":{"start":{"line":539,"column":53},"end":{"line":545,"column":7}}},"32":{"name":"getDefaultFormState","decl":{"start":{"line":551,"column":16},"end":{"line":551,"column":null}},"loc":{"start":{"line":553,"column":15},"end":{"line":581,"column":null}}}},"branchMap":{"0":{"loc":{"start":{"line":8,"column":9},"end":{"line":8,"column":38}},"type":"binary-expr","locations":[{"start":{"line":8,"column":9},"end":{"line":8,"column":38}},{"start":{"line":8,"column":38},"end":{"line":8,"column":56}},{"start":{"line":8,"column":56},"end":{"line":8,"column":62}}]},"1":{"loc":{"start":{"line":12,"column":9},"end":{"line":12,"column":18}},"type":"binary-expr","locations":[{"start":{"line":12,"column":9},"end":{"line":12,"column":18}},{"start":{"line":12,"column":28},"end":{"line":12,"column":null}}]},"2":{"loc":{"start":{"line":38,"column":59},"end":{"line":38,"column":63}},"type":"default-arg","locations":[{"start":{"line":38,"column":59},"end":{"line":38,"column":63}}]},"3":{"loc":{"start":{"line":38,"column":74},"end":{"line":38,"column":76}},"type":"default-arg","locations":[{"start":{"line":38,"column":74},"end":{"line":38,"column":76}}]},"4":{"loc":{"start":{"line":39,"column":2},"end":{"line":54,"column":null}},"type":"if","locations":[{"start":{"line":39,"column":2},"end":{"line":54,"column":null}},{"start":{"line":39,"column":2},"end":{"line":54,"column":null}}]},"5":{"loc":{"start":{"line":41,"column":9},"end":{"line":54,"column":null}},"type":"if","locations":[{"start":{"line":41,"column":9},"end":{"line":54,"column":null}},{"start":{"line":41,"column":9},"end":{"line":54,"column":null}}]},"6":{"loc":{"start":{"line":44,"column":9},"end":{"line":54,"column":null}},"type":"if","locations":[{"start":{"line":44,"column":9},"end":{"line":54,"column":null}},{"start":{"line":44,"column":9},"end":{"line":54,"column":null}}]},"7":{"loc":{"start":{"line":44,"column":13},"end":{"line":44,"column":28}},"type":"binary-expr","locations":[{"start":{"line":44,"column":13},"end":{"line":44,"column":28}},{"start":{"line":44,"column":48},"end":{"line":44,"column":53}}]},"8":{"loc":{"start":{"line":59,"column":15},"end":{"line":59,"column":null}},"type":"default-arg","locations":[{"start":{"line":59,"column":15},"end":{"line":59,"column":null}}]},"9":{"loc":{"start":{"line":60,"column":18},"end":{"line":60,"column":20}},"type":"default-arg","locations":[{"start":{"line":60,"column":18},"end":{"line":60,"column":20}}]},"10":{"loc":{"start":{"line":62,"column":2},"end":{"line":64,"column":null}},"type":"if","locations":[{"start":{"line":62,"column":2},"end":{"line":64,"column":null}},{"start":{"line":62,"column":2},"end":{"line":64,"column":null}}]},"11":{"loc":{"start":{"line":68,"column":2},"end":{"line":80,"column":null}},"type":"if","locations":[{"start":{"line":68,"column":2},"end":{"line":80,"column":null}},{"start":{"line":68,"column":2},"end":{"line":80,"column":null}}]},"12":{"loc":{"start":{"line":82,"column":4},"end":{"line":82,"column":18}},"type":"binary-expr","locations":[{"start":{"line":82,"column":4},"end":{"line":82,"column":18}},{"start":{"line":83,"column":4},"end":{"line":83,"column":null}}]},"13":{"loc":{"start":{"line":84,"column":2},"end":{"line":91,"column":null}},"type":"if","locations":[{"start":{"line":84,"column":2},"end":{"line":91,"column":null}},{"start":{"line":84,"column":2},"end":{"line":91,"column":null}}]},"14":{"loc":{"start":{"line":99,"column":23},"end":{"line":99,"column":null}},"type":"default-arg","locations":[{"start":{"line":99,"column":23},"end":{"line":99,"column":null}}]},"15":{"loc":{"start":{"line":100,"column":18},"end":{"line":100,"column":20}},"type":"default-arg","locations":[{"start":{"line":100,"column":18},"end":{"line":100,"column":20}}]},"16":{"loc":{"start":{"line":109,"column":4},"end":{"line":112,"column":null}},"type":"if","locations":[{"start":{"line":109,"column":4},"end":{"line":112,"column":null}},{"start":{"line":109,"column":4},"end":{"line":112,"column":null}}]},"17":{"loc":{"start":{"line":115,"column":4},"end":{"line":125,"column":null}},"type":"if","locations":[{"start":{"line":115,"column":4},"end":{"line":125,"column":null}},{"start":{"line":115,"column":4},"end":{"line":125,"column":null}}]},"18":{"loc":{"start":{"line":121,"column":11},"end":{"line":125,"column":null}},"type":"if","locations":[{"start":{"line":121,"column":11},"end":{"line":125,"column":null}},{"start":{"line":121,"column":11},"end":{"line":125,"column":null}}]},"19":{"loc":{"start":{"line":162,"column":64},"end":{"line":162,"column":66}},"type":"default-arg","locations":[{"start":{"line":162,"column":64},"end":{"line":162,"column":66}}]},"20":{"loc":{"start":{"line":164,"column":2},"end":{"line":169,"column":null}},"type":"if","locations":[{"start":{"line":164,"column":2},"end":{"line":169,"column":null}},{"start":{"line":164,"column":2},"end":{"line":169,"column":null}}]},"21":{"loc":{"start":{"line":171,"column":2},"end":{"line":173,"column":null}},"type":"if","locations":[{"start":{"line":171,"column":2},"end":{"line":173,"column":null}},{"start":{"line":171,"column":2},"end":{"line":173,"column":null}}]},"22":{"loc":{"start":{"line":174,"column":2},"end":{"line":177,"column":null}},"type":"if","locations":[{"start":{"line":174,"column":2},"end":{"line":177,"column":null}},{"start":{"line":174,"column":2},"end":{"line":177,"column":null}}]},"23":{"loc":{"start":{"line":187,"column":23},"end":{"line":187,"column":27}},"type":"default-arg","locations":[{"start":{"line":187,"column":23},"end":{"line":187,"column":27}}]},"24":{"loc":{"start":{"line":188,"column":2},"end":{"line":198,"column":null}},"type":"if","locations":[{"start":{"line":188,"column":2},"end":{"line":198,"column":null}},{"start":{"line":188,"column":2},"end":{"line":198,"column":null}}]},"25":{"loc":{"start":{"line":193,"column":9},"end":{"line":198,"column":null}},"type":"if","locations":[{"start":{"line":193,"column":9},"end":{"line":198,"column":null}},{"start":{"line":193,"column":9},"end":{"line":198,"column":null}}]},"26":{"loc":{"start":{"line":215,"column":4},"end":{"line":217,"column":null}},"type":"if","locations":[{"start":{"line":215,"column":4},"end":{"line":217,"column":null}},{"start":{"line":215,"column":4},"end":{"line":217,"column":null}}]},"27":{"loc":{"start":{"line":219,"column":4},"end":{"line":224,"column":null}},"type":"if","locations":[{"start":{"line":219,"column":4},"end":{"line":224,"column":null}},{"start":{"line":219,"column":4},"end":{"line":224,"column":null}}]},"28":{"loc":{"start":{"line":220,"column":6},"end":{"line":220,"column":null}},"type":"binary-expr","locations":[{"start":{"line":220,"column":6},"end":{"line":220,"column":null}},{"start":{"line":221,"column":6},"end":{"line":221,"column":8}}]},"29":{"loc":{"start":{"line":227,"column":4},"end":{"line":237,"column":null}},"type":"if","locations":[{"start":{"line":227,"column":4},"end":{"line":237,"column":null}},{"start":{"line":227,"column":4},"end":{"line":237,"column":null}}]},"30":{"loc":{"start":{"line":229,"column":11},"end":{"line":237,"column":null}},"type":"if","locations":[{"start":{"line":229,"column":11},"end":{"line":237,"column":null}},{"start":{"line":229,"column":11},"end":{"line":237,"column":null}}]},"31":{"loc":{"start":{"line":249,"column":2},"end":{"line":251,"column":null}},"type":"if","locations":[{"start":{"line":249,"column":2},"end":{"line":251,"column":null}},{"start":{"line":249,"column":2},"end":{"line":251,"column":null}}]},"32":{"loc":{"start":{"line":253,"column":6},"end":{"line":253,"column":11}},"type":"cond-expr","locations":[{"start":{"line":253,"column":6},"end":{"line":253,"column":11}},{"start":{"line":254,"column":6},"end":{"line":254,"column":null}}]},"33":{"loc":{"start":{"line":273,"column":2},"end":{"line":277,"column":null}},"type":"if","locations":[{"start":{"line":273,"column":2},"end":{"line":277,"column":null}},{"start":{"line":273,"column":2},"end":{"line":277,"column":null}}]},"34":{"loc":{"start":{"line":275,"column":9},"end":{"line":277,"column":null}},"type":"if","locations":[{"start":{"line":275,"column":9},"end":{"line":277,"column":null}},{"start":{"line":275,"column":9},"end":{"line":277,"column":null}}]},"35":{"loc":{"start":{"line":281,"column":8},"end":{"line":281,"column":25}},"type":"cond-expr","locations":[{"start":{"line":281,"column":8},"end":{"line":281,"column":25}},{"start":{"line":282,"column":8},"end":{"line":282,"column":null}}]},"36":{"loc":{"start":{"line":301,"column":4},"end":{"line":303,"column":null}},"type":"if","locations":[{"start":{"line":301,"column":4},"end":{"line":303,"column":null}},{"start":{"line":301,"column":4},"end":{"line":303,"column":null}}]},"37":{"loc":{"start":{"line":305,"column":4},"end":{"line":315,"column":null}},"type":"if","locations":[{"start":{"line":305,"column":4},"end":{"line":315,"column":null}},{"start":{"line":305,"column":4},"end":{"line":315,"column":null}}]},"38":{"loc":{"start":{"line":314,"column":13},"end":{"line":314,"column":24}},"type":"binary-expr","locations":[{"start":{"line":314,"column":13},"end":{"line":314,"column":24}},{"start":{"line":314,"column":24},"end":{"line":314,"column":null}}]},"39":{"loc":{"start":{"line":317,"column":2},"end":{"line":322,"column":null}},"type":"if","locations":[{"start":{"line":317,"column":2},"end":{"line":322,"column":null}},{"start":{"line":317,"column":2},"end":{"line":322,"column":null}}]},"40":{"loc":{"start":{"line":343,"column":24},"end":{"line":343,"column":29}},"type":"cond-expr","locations":[{"start":{"line":343,"column":24},"end":{"line":343,"column":29}},{"start":{"line":343,"column":36},"end":{"line":343,"column":null}}]},"41":{"loc":{"start":{"line":345,"column":4},"end":{"line":360,"column":null}},"type":"if","locations":[{"start":{"line":345,"column":4},"end":{"line":360,"column":null}},{"start":{"line":345,"column":4},"end":{"line":360,"column":null}}]},"42":{"loc":{"start":{"line":345,"column":8},"end":{"line":345,"column":12}},"type":"binary-expr","locations":[{"start":{"line":345,"column":8},"end":{"line":345,"column":12}},{"start":{"line":345,"column":16},"end":{"line":345,"column":31}},{"start":{"line":345,"column":45},"end":{"line":345,"column":54}}]},"43":{"loc":{"start":{"line":347,"column":11},"end":{"line":360,"column":null}},"type":"if","locations":[{"start":{"line":347,"column":11},"end":{"line":360,"column":null}},{"start":{"line":347,"column":11},"end":{"line":360,"column":null}}]},"44":{"loc":{"start":{"line":348,"column":6},"end":{"line":348,"column":10}},"type":"binary-expr","locations":[{"start":{"line":348,"column":6},"end":{"line":348,"column":10}},{"start":{"line":349,"column":6},"end":{"line":349,"column":null}},{"start":{"line":350,"column":7},"end":{"line":350,"column":43}},{"start":{"line":350,"column":43},"end":{"line":350,"column":null}},{"start":{"line":351,"column":6},"end":{"line":351,"column":null}},{"start":{"line":352,"column":6},"end":{"line":352,"column":11}},{"start":{"line":353,"column":6},"end":{"line":353,"column":11}}]},"45":{"loc":{"start":{"line":377,"column":2},"end":{"line":379,"column":null}},"type":"if","locations":[{"start":{"line":377,"column":2},"end":{"line":379,"column":null}},{"start":{"line":377,"column":2},"end":{"line":379,"column":null}}]},"46":{"loc":{"start":{"line":377,"column":6},"end":{"line":377,"column":15}},"type":"binary-expr","locations":[{"start":{"line":377,"column":6},"end":{"line":377,"column":15}},{"start":{"line":377,"column":15},"end":{"line":377,"column":29}}]},"47":{"loc":{"start":{"line":381,"column":2},"end":{"line":383,"column":null}},"type":"if","locations":[{"start":{"line":381,"column":2},"end":{"line":383,"column":null}},{"start":{"line":381,"column":2},"end":{"line":383,"column":null}}]},"48":{"loc":{"start":{"line":381,"column":6},"end":{"line":381,"column":15}},"type":"binary-expr","locations":[{"start":{"line":381,"column":6},"end":{"line":381,"column":15}},{"start":{"line":381,"column":15},"end":{"line":381,"column":28}}]},"49":{"loc":{"start":{"line":385,"column":2},"end":{"line":387,"column":null}},"type":"if","locations":[{"start":{"line":385,"column":2},"end":{"line":387,"column":null}},{"start":{"line":385,"column":2},"end":{"line":387,"column":null}}]},"50":{"loc":{"start":{"line":385,"column":6},"end":{"line":385,"column":16}},"type":"binary-expr","locations":[{"start":{"line":385,"column":6},"end":{"line":385,"column":16}},{"start":{"line":385,"column":16},"end":{"line":385,"column":37}},{"start":{"line":385,"column":37},"end":{"line":385,"column":67}}]},"51":{"loc":{"start":{"line":390,"column":2},"end":{"line":392,"column":null}},"type":"if","locations":[{"start":{"line":390,"column":2},"end":{"line":392,"column":null}},{"start":{"line":390,"column":2},"end":{"line":392,"column":null}}]},"52":{"loc":{"start":{"line":390,"column":6},"end":{"line":390,"column":28}},"type":"binary-expr","locations":[{"start":{"line":390,"column":6},"end":{"line":390,"column":28}},{"start":{"line":390,"column":28},"end":{"line":390,"column":46}},{"start":{"line":390,"column":46},"end":{"line":390,"column":47}}]},"53":{"loc":{"start":{"line":424,"column":2},"end":{"line":436,"column":null}},"type":"if","locations":[{"start":{"line":424,"column":2},"end":{"line":436,"column":null}},{"start":{"line":424,"column":2},"end":{"line":436,"column":null}}]},"54":{"loc":{"start":{"line":426,"column":9},"end":{"line":436,"column":null}},"type":"if","locations":[{"start":{"line":426,"column":9},"end":{"line":436,"column":null}},{"start":{"line":426,"column":9},"end":{"line":436,"column":null}}]},"55":{"loc":{"start":{"line":428,"column":9},"end":{"line":436,"column":null}},"type":"if","locations":[{"start":{"line":428,"column":9},"end":{"line":436,"column":null}},{"start":{"line":428,"column":9},"end":{"line":436,"column":null}}]},"56":{"loc":{"start":{"line":430,"column":9},"end":{"line":436,"column":null}},"type":"if","locations":[{"start":{"line":430,"column":9},"end":{"line":436,"column":null}},{"start":{"line":430,"column":9},"end":{"line":436,"column":null}}]},"57":{"loc":{"start":{"line":432,"column":9},"end":{"line":436,"column":null}},"type":"if","locations":[{"start":{"line":432,"column":9},"end":{"line":436,"column":null}},{"start":{"line":432,"column":9},"end":{"line":436,"column":null}}]},"58":{"loc":{"start":{"line":434,"column":9},"end":{"line":436,"column":null}},"type":"if","locations":[{"start":{"line":434,"column":9},"end":{"line":436,"column":null}},{"start":{"line":434,"column":9},"end":{"line":436,"column":null}}]},"59":{"loc":{"start":{"line":443,"column":5},"end":{"line":443,"column":10}},"type":"binary-expr","locations":[{"start":{"line":443,"column":5},"end":{"line":443,"column":10}},{"start":{"line":443,"column":35},"end":{"line":443,"column":null}},{"start":{"line":444,"column":4},"end":{"line":444,"column":10}}]},"60":{"loc":{"start":{"line":448,"column":60},"end":{"line":448,"column":62}},"type":"default-arg","locations":[{"start":{"line":448,"column":60},"end":{"line":448,"column":62}}]},"61":{"loc":{"start":{"line":450,"column":21},"end":{"line":450,"column":37}},"type":"binary-expr","locations":[{"start":{"line":450,"column":21},"end":{"line":450,"column":37}},{"start":{"line":450,"column":37},"end":{"line":450,"column":null}}]},"62":{"loc":{"start":{"line":451,"column":2},"end":{"line":455,"column":null}},"type":"if","locations":[{"start":{"line":451,"column":2},"end":{"line":455,"column":null}},{"start":{"line":451,"column":2},"end":{"line":455,"column":null}}]},"63":{"loc":{"start":{"line":453,"column":9},"end":{"line":455,"column":null}},"type":"if","locations":[{"start":{"line":453,"column":9},"end":{"line":455,"column":null}},{"start":{"line":453,"column":9},"end":{"line":455,"column":null}}]},"64":{"loc":{"start":{"line":459,"column":67},"end":{"line":459,"column":69}},"type":"default-arg","locations":[{"start":{"line":459,"column":67},"end":{"line":459,"column":69}}]},"65":{"loc":{"start":{"line":460,"column":2},"end":{"line":462,"column":null}},"type":"if","locations":[{"start":{"line":460,"column":2},"end":{"line":462,"column":null}},{"start":{"line":460,"column":2},"end":{"line":462,"column":null}}]},"66":{"loc":{"start":{"line":460,"column":6},"end":{"line":460,"column":29}},"type":"binary-expr","locations":[{"start":{"line":460,"column":6},"end":{"line":460,"column":29}},{"start":{"line":460,"column":29},"end":{"line":460,"column":44}}]},"67":{"loc":{"start":{"line":482,"column":4},"end":{"line":521,"column":null}},"type":"if","locations":[{"start":{"line":482,"column":4},"end":{"line":521,"column":null}},{"start":{"line":482,"column":4},"end":{"line":521,"column":null}}]},"68":{"loc":{"start":{"line":494,"column":6},"end":{"line":510,"column":null}},"type":"if","locations":[{"start":{"line":494,"column":6},"end":{"line":510,"column":null}},{"start":{"line":494,"column":6},"end":{"line":510,"column":null}}]},"69":{"loc":{"start":{"line":498,"column":8},"end":{"line":503,"column":null}},"type":"if","locations":[{"start":{"line":498,"column":8},"end":{"line":503,"column":null}},{"start":{"line":498,"column":8},"end":{"line":503,"column":null}}]},"70":{"loc":{"start":{"line":516,"column":6},"end":{"line":518,"column":null}},"type":"if","locations":[{"start":{"line":516,"column":6},"end":{"line":518,"column":null}},{"start":{"line":516,"column":6},"end":{"line":518,"column":null}}]},"71":{"loc":{"start":{"line":519,"column":11},"end":{"line":521,"column":null}},"type":"if","locations":[{"start":{"line":519,"column":11},"end":{"line":521,"column":null}},{"start":{"line":519,"column":11},"end":{"line":521,"column":null}}]},"72":{"loc":{"start":{"line":527,"column":2},"end":{"line":548,"column":null}},"type":"if","locations":[{"start":{"line":527,"column":2},"end":{"line":548,"column":null}},{"start":{"line":527,"column":2},"end":{"line":548,"column":null}}]},"73":{"loc":{"start":{"line":528,"column":4},"end":{"line":530,"column":null}},"type":"if","locations":[{"start":{"line":528,"column":4},"end":{"line":530,"column":null}},{"start":{"line":528,"column":4},"end":{"line":530,"column":null}}]},"74":{"loc":{"start":{"line":532,"column":6},"end":{"line":534,"column":null}},"type":"if","locations":[{"start":{"line":532,"column":6},"end":{"line":534,"column":null}},{"start":{"line":532,"column":6},"end":{"line":534,"column":null}}]},"75":{"loc":{"start":{"line":537,"column":9},"end":{"line":548,"column":null}},"type":"if","locations":[{"start":{"line":537,"column":9},"end":{"line":548,"column":null}},{"start":{"line":537,"column":9},"end":{"line":548,"column":null}}]},"76":{"loc":{"start":{"line":541,"column":19},"end":{"line":541,"column":28}},"type":"cond-expr","locations":[{"start":{"line":541,"column":19},"end":{"line":541,"column":28}},{"start":{"line":541,"column":35},"end":{"line":541,"column":null}}]},"77":{"loc":{"start":{"line":557,"column":2},"end":{"line":559,"column":null}},"type":"if","locations":[{"start":{"line":557,"column":2},"end":{"line":559,"column":null}},{"start":{"line":557,"column":2},"end":{"line":559,"column":null}}]},"78":{"loc":{"start":{"line":570,"column":2},"end":{"line":573,"column":null}},"type":"if","locations":[{"start":{"line":570,"column":2},"end":{"line":573,"column":null}},{"start":{"line":570,"column":2},"end":{"line":573,"column":null}}]},"79":{"loc":{"start":{"line":574,"column":2},"end":{"line":576,"column":null}},"type":"if","locations":[{"start":{"line":574,"column":2},"end":{"line":576,"column":null}},{"start":{"line":574,"column":2},"end":{"line":576,"column":null}}]},"80":{"loc":{"start":{"line":574,"column":6},"end":{"line":574,"column":15}},"type":"binary-expr","locations":[{"start":{"line":574,"column":6},"end":{"line":574,"column":15}},{"start":{"line":574,"column":28},"end":{"line":574,"column":33}}]},"81":{"loc":{"start":{"line":577,"column":2},"end":{"line":579,"column":null}},"type":"if","locations":[{"start":{"line":577,"column":2},"end":{"line":579,"column":null}},{"start":{"line":577,"column":2},"end":{"line":579,"column":null}}]},"82":{"loc":{"start":{"line":577,"column":6},"end":{"line":577,"column":24}},"type":"binary-expr","locations":[{"start":{"line":577,"column":6},"end":{"line":577,"column":24}},{"start":{"line":577,"column":24},"end":{"line":577,"column":46}},{"start":{"line":577,"column":46},"end":{"line":577,"column":63}}]},"83":{"loc":{"start":{"line":580,"column":9},"end":{"line":580,"column":17}},"type":"binary-expr","locations":[{"start":{"line":580,"column":9},"end":{"line":580,"column":17}},{"start":{"line":580,"column":21},"end":{"line":580,"column":null}}]}},"s":{"0":3,"1":3,"2":3,"3":3,"4":29,"5":0,"6":60,"7":3,"8":0,"9":0,"10":20,"11":0,"12":20,"13":0,"14":0,"15":20,"16":0,"17":0,"18":20,"19":20,"20":0,"21":20,"22":20,"23":0,"24":0,"25":0,"26":0,"27":0,"28":20,"29":20,"30":0,"31":20,"32":3,"33":0,"34":0,"35":0,"36":0,"37":0,"38":0,"39":0,"40":0,"41":0,"42":0,"43":0,"44":0,"45":0,"46":0,"47":0,"48":0,"49":0,"50":0,"51":0,"52":0,"53":0,"54":0,"55":0,"56":0,"57":0,"58":0,"59":0,"60":0,"61":0,"62":0,"63":0,"64":0,"65":0,"66":0,"67":0,"68":0,"69":0,"70":0,"71":0,"72":0,"73":0,"74":0,"75":0,"76":0,"77":0,"78":0,"79":0,"80":0,"81":0,"82":0,"83":0,"84":0,"85":0,"86":0,"87":0,"88":0,"89":0,"90":0,"91":0,"92":0,"93":0,"94":0,"95":0,"96":0,"97":0,"98":0,"99":0,"100":0,"101":0,"102":0,"103":0,"104":0,"105":0,"106":0,"107":0,"108":0,"109":0,"110":0,"111":0,"112":0,"113":0,"114":0,"115":0,"116":0,"117":0,"118":0,"119":0,"120":0,"121":0,"122":0,"123":0,"124":0,"125":0,"126":3,"127":0,"128":0,"129":0,"130":0,"131":0,"132":0,"133":0,"134":0,"135":0,"136":0,"137":0,"138":0,"139":0,"140":0,"141":0,"142":0,"143":0,"144":0,"145":0,"146":0,"147":0,"148":0,"149":0,"150":0,"151":0,"152":0,"153":0,"154":0,"155":0,"156":0,"157":0,"158":0,"159":0,"160":0,"161":0,"162":0,"163":0,"164":0,"165":0,"166":0,"167":0,"168":0,"169":0,"170":0,"171":0,"172":0,"173":0,"174":0,"175":0,"176":0,"177":0,"178":0,"179":0,"180":0,"181":0,"182":0,"183":0,"184":0,"185":0,"186":0,"187":0,"188":0,"189":0,"190":0,"191":0,"192":0,"193":0,"194":0},"f":{"0":29,"1":0,"2":60,"3":0,"4":20,"5":0,"6":20,"7":0,"8":0,"9":0,"10":0,"11":0,"12":0,"13":0,"14":0,"15":0,"16":0,"17":0,"18":0,"19":0,"20":0,"21":0,"22":0,"23":0,"24":0,"25":0,"26":0,"27":0,"28":0,"29":0,"30":0,"31":0,"32":0},"b":{"0":[29,29,29],"1":[0,0],"2":[0],"3":[0],"4":[0,20],"5":[0,20],"6":[0,20],"7":[20,0],"8":[0],"9":[8],"10":[0,20],"11":[0,20],"12":[20,0],"13":[0,20],"14":[0],"15":[0],"16":[0,0],"17":[0,0],"18":[0,0],"19":[0],"20":[0,0],"21":[0,0],"22":[0,0],"23":[0],"24":[0,0],"25":[0,0],"26":[0,0],"27":[0,0],"28":[0,0],"29":[0,0],"30":[0,0],"31":[0,0],"32":[0,0],"33":[0,0],"34":[0,0],"35":[0,0],"36":[0,0],"37":[0,0],"38":[0,0],"39":[0,0],"40":[0,0],"41":[0,0],"42":[0,0,0],"43":[0,0],"44":[0,0,0,0,0,0,0],"45":[0,0],"46":[0,0],"47":[0,0],"48":[0,0],"49":[0,0],"50":[0,0,0],"51":[0,0],"52":[0,0,0],"53":[0,0],"54":[0,0],"55":[0,0],"56":[0,0],"57":[0,0],"58":[0,0],"59":[0,0,0],"60":[0],"61":[0,0],"62":[0,0],"63":[0,0],"64":[0],"65":[0,0],"66":[0,0],"67":[0,0],"68":[0,0],"69":[0,0],"70":[0,0],"71":[0,0],"72":[0,0],"73":[0,0],"74":[0,0],"75":[0,0],"76":[0,0],"77":[0,0],"78":[0,0],"79":[0,0],"80":[0,0],"81":[0,0],"82":[0,0,0],"83":[0,0]}}
,"/Users/georgetan/Documents/snippets/eo-immoc/json-schema-form/packages/fields/ArrayField.tsx": {"path":"/Users/georgetan/Documents/snippets/eo-immoc/json-schema-form/packages/fields/ArrayField.tsx","statementMap":{"0":{"start":{"line":1,"column":0},"end":{"line":1,"column":null}},"1":{"start":{"line":2,"column":0},"end":{"line":2,"column":null}},"2":{"start":{"line":3,"column":0},"end":{"line":3,"column":null}},"3":{"start":{"line":4,"column":0},"end":{"line":4,"column":null}},"4":{"start":{"line":6,"column":25},"end":{"line":6,"column":41}},"5":{"start":{"line":31,"column":22},"end":{"line":31,"column":33}},"6":{"start":{"line":31,"column":28},"end":{"line":31,"column":33}},"7":{"start":{"line":32,"column":25},"end":{"line":32,"column":36}},"8":{"start":{"line":32,"column":31},"end":{"line":32,"column":36}},"9":{"start":{"line":33,"column":21},"end":{"line":33,"column":32}},"10":{"start":{"line":33,"column":27},"end":{"line":33,"column":32}},"11":{"start":{"line":34,"column":23},"end":{"line":34,"column":34}},"12":{"start":{"line":34,"column":29},"end":{"line":34,"column":34}},"13":{"start":{"line":36,"column":4},"end":{"line":36,"column":11}},"14":{"start":{"line":37,"column":6},"end":{"line":37,"column":null}},"15":{"start":{"line":58,"column":15},"end":{"line":58,"column":31}},"16":{"start":{"line":62,"column":20},"end":{"line":62,"column":null}},"17":{"start":{"line":64,"column":35},"end":{"line":69,"column":null}},"18":{"start":{"line":65,"column":24},"end":{"line":65,"column":null}},"19":{"start":{"line":66,"column":27},"end":{"line":66,"column":null}},"20":{"start":{"line":67,"column":6},"end":{"line":67,"column":18}},"21":{"start":{"line":68,"column":6},"end":{"line":68,"column":11}},"22":{"start":{"line":71,"column":23},"end":{"line":76,"column":null}},"23":{"start":{"line":72,"column":24},"end":{"line":72,"column":null}},"24":{"start":{"line":73,"column":27},"end":{"line":73,"column":null}},"25":{"start":{"line":74,"column":6},"end":{"line":74,"column":18}},"26":{"start":{"line":75,"column":6},"end":{"line":75,"column":11}},"27":{"start":{"line":78,"column":26},"end":{"line":83,"column":null}},"28":{"start":{"line":79,"column":24},"end":{"line":79,"column":null}},"29":{"start":{"line":80,"column":27},"end":{"line":80,"column":null}},"30":{"start":{"line":81,"column":6},"end":{"line":81,"column":18}},"31":{"start":{"line":82,"column":6},"end":{"line":82,"column":11}},"32":{"start":{"line":85,"column":22},"end":{"line":92,"column":null}},"33":{"start":{"line":86,"column":6},"end":{"line":86,"column":28}},"34":{"start":{"line":86,"column":21},"end":{"line":86,"column":28}},"35":{"start":{"line":87,"column":24},"end":{"line":87,"column":null}},"36":{"start":{"line":88,"column":27},"end":{"line":88,"column":null}},"37":{"start":{"line":89,"column":19},"end":{"line":89,"column":31}},"38":{"start":{"line":90,"column":6},"end":{"line":90,"column":18}},"39":{"start":{"line":91,"column":6},"end":{"line":91,"column":11}},"40":{"start":{"line":94,"column":24},"end":{"line":102,"column":null}},"41":{"start":{"line":95,"column":24},"end":{"line":95,"column":null}},"42":{"start":{"line":96,"column":27},"end":{"line":96,"column":null}},"43":{"start":{"line":97,"column":6},"end":{"line":97,"column":50}},"44":{"start":{"line":97,"column":43},"end":{"line":97,"column":50}},"45":{"start":{"line":99,"column":19},"end":{"line":99,"column":31}},"46":{"start":{"line":100,"column":6},"end":{"line":100,"column":18}},"47":{"start":{"line":101,"column":6},"end":{"line":101,"column":11}},"48":{"start":{"line":104,"column":4},"end":{"line":104,"column":11}},"49":{"start":{"line":105,"column":44},"end":{"line":105,"column":null}},"50":{"start":{"line":106,"column":29},"end":{"line":106,"column":null}},"51":{"start":{"line":109,"column":26},"end":{"line":109,"column":31}},"52":{"start":{"line":111,"column":23},"end":{"line":111,"column":null}},"53":{"start":{"line":113,"column":6},"end":{"line":156,"column":null}},"54":{"start":{"line":114,"column":32},"end":{"line":114,"column":null}},"55":{"start":{"line":115,"column":29},"end":{"line":115,"column":null}},"56":{"start":{"line":116,"column":8},"end":{"line":116,"column":15}},"57":{"start":{"line":116,"column":25},"end":{"line":116,"column":26}},"58":{"start":{"line":122,"column":34},"end":{"line":122,"column":57}},"59":{"start":{"line":125,"column":13},"end":{"line":156,"column":null}},"60":{"start":{"line":126,"column":29},"end":{"line":126,"column":null}},"61":{"start":{"line":127,"column":8},"end":{"line":127,"column":15}},"62":{"start":{"line":127,"column":32},"end":{"line":127,"column":33}},"63":{"start":{"line":140,"column":36},"end":{"line":140,"column":59}},"64":{"start":{"line":145,"column":25},"end":{"line":145,"column":39}},"65":{"start":{"line":145,"column":68},"end":{"line":145,"column":null}},"66":{"start":{"line":149,"column":8},"end":{"line":149,"column":null}},"67":{"start":{"line":157,"column":6},"end":{"line":157,"column":13}}},"fnMap":{"0":{"name":"(anonymous_0)","decl":{"start":{"line":30,"column":2},"end":{"line":30,"column":7}},"loc":{"start":{"line":30,"column":24},"end":{"line":49,"column":null}}},"1":{"name":"(anonymous_1)","decl":{"start":{"line":31,"column":22},"end":{"line":31,"column":28}},"loc":{"start":{"line":31,"column":28},"end":{"line":31,"column":33}}},"2":{"name":"(anonymous_2)","decl":{"start":{"line":32,"column":25},"end":{"line":32,"column":31}},"loc":{"start":{"line":32,"column":31},"end":{"line":32,"column":36}}},"3":{"name":"(anonymous_3)","decl":{"start":{"line":33,"column":21},"end":{"line":33,"column":27}},"loc":{"start":{"line":33,"column":27},"end":{"line":33,"column":32}}},"4":{"name":"(anonymous_4)","decl":{"start":{"line":34,"column":23},"end":{"line":34,"column":29}},"loc":{"start":{"line":34,"column":29},"end":{"line":34,"column":34}}},"5":{"name":"(anonymous_5)","decl":{"start":{"line":36,"column":11},"end":{"line":36,"column":16}},"loc":{"start":{"line":36,"column":16},"end":{"line":48,"column":null}}},"6":{"name":"(anonymous_6)","decl":{"start":{"line":61,"column":2},"end":{"line":61,"column":7}},"loc":{"start":{"line":61,"column":13},"end":{"line":159,"column":null}}},"7":{"name":"(anonymous_7)","decl":{"start":{"line":64,"column":35},"end":{"line":64,"column":36}},"loc":{"start":{"line":64,"column":59},"end":{"line":69,"column":null}}},"8":{"name":"(anonymous_8)","decl":{"start":{"line":71,"column":23},"end":{"line":71,"column":38}},"loc":{"start":{"line":71,"column":38},"end":{"line":76,"column":null}}},"9":{"name":"(anonymous_9)","decl":{"start":{"line":78,"column":26},"end":{"line":78,"column":41}},"loc":{"start":{"line":78,"column":41},"end":{"line":83,"column":null}}},"10":{"name":"(anonymous_10)","decl":{"start":{"line":85,"column":22},"end":{"line":85,"column":37}},"loc":{"start":{"line":85,"column":37},"end":{"line":92,"column":null}}},"11":{"name":"(anonymous_11)","decl":{"start":{"line":94,"column":24},"end":{"line":94,"column":39}},"loc":{"start":{"line":94,"column":39},"end":{"line":102,"column":null}}},"12":{"name":"(anonymous_12)","decl":{"start":{"line":104,"column":11},"end":{"line":104,"column":16}},"loc":{"start":{"line":104,"column":16},"end":{"line":158,"column":null}}},"13":{"name":"(anonymous_13)","decl":{"start":{"line":116,"column":25},"end":{"line":116,"column":26}},"loc":{"start":{"line":116,"column":25},"end":{"line":116,"column":26}}},"14":{"name":"(anonymous_14)","decl":{"start":{"line":122,"column":23},"end":{"line":122,"column":34}},"loc":{"start":{"line":122,"column":34},"end":{"line":122,"column":57}}},"15":{"name":"(anonymous_15)","decl":{"start":{"line":127,"column":32},"end":{"line":127,"column":33}},"loc":{"start":{"line":127,"column":32},"end":{"line":127,"column":33}}},"16":{"name":"(anonymous_17)","decl":{"start":{"line":140,"column":25},"end":{"line":140,"column":36}},"loc":{"start":{"line":140,"column":36},"end":{"line":140,"column":59}}},"17":{"name":"(anonymous_18)","decl":{"start":{"line":145,"column":56},"end":{"line":145,"column":68}},"loc":{"start":{"line":145,"column":68},"end":{"line":145,"column":null}}}},"branchMap":{"0":{"loc":{"start":{"line":45,"column":16},"end":{"line":45,"column":33}},"type":"binary-expr","locations":[{"start":{"line":45,"column":16},"end":{"line":45,"column":33}},{"start":{"line":45,"column":33},"end":{"line":45,"column":38}}]},"1":{"loc":{"start":{"line":66,"column":50},"end":{"line":66,"column":58}},"type":"cond-expr","locations":[{"start":{"line":66,"column":50},"end":{"line":66,"column":58}},{"start":{"line":66,"column":58},"end":{"line":66,"column":null}}]},"2":{"loc":{"start":{"line":73,"column":50},"end":{"line":73,"column":58}},"type":"cond-expr","locations":[{"start":{"line":73,"column":50},"end":{"line":73,"column":58}},{"start":{"line":73,"column":58},"end":{"line":73,"column":null}}]},"3":{"loc":{"start":{"line":80,"column":50},"end":{"line":80,"column":58}},"type":"cond-expr","locations":[{"start":{"line":80,"column":50},"end":{"line":80,"column":58}},{"start":{"line":80,"column":58},"end":{"line":80,"column":null}}]},"4":{"loc":{"start":{"line":86,"column":6},"end":{"line":86,"column":28}},"type":"if","locations":[{"start":{"line":86,"column":6},"end":{"line":86,"column":28}},{"start":{"line":86,"column":6},"end":{"line":86,"column":28}}]},"5":{"loc":{"start":{"line":88,"column":50},"end":{"line":88,"column":58}},"type":"cond-expr","locations":[{"start":{"line":88,"column":50},"end":{"line":88,"column":58}},{"start":{"line":88,"column":58},"end":{"line":88,"column":null}}]},"6":{"loc":{"start":{"line":96,"column":50},"end":{"line":96,"column":58}},"type":"cond-expr","locations":[{"start":{"line":96,"column":50},"end":{"line":96,"column":58}},{"start":{"line":96,"column":58},"end":{"line":96,"column":null}}]},"7":{"loc":{"start":{"line":97,"column":6},"end":{"line":97,"column":50}},"type":"if","locations":[{"start":{"line":97,"column":6},"end":{"line":97,"column":50}},{"start":{"line":97,"column":6},"end":{"line":97,"column":50}}]},"8":{"loc":{"start":{"line":111,"column":23},"end":{"line":111,"column":40}},"type":"binary-expr","locations":[{"start":{"line":111,"column":23},"end":{"line":111,"column":40}},{"start":{"line":111,"column":40},"end":{"line":111,"column":null}}]},"9":{"loc":{"start":{"line":113,"column":6},"end":{"line":156,"column":null}},"type":"if","locations":[{"start":{"line":113,"column":6},"end":{"line":156,"column":null}},{"start":{"line":113,"column":6},"end":{"line":156,"column":null}}]},"10":{"loc":{"start":{"line":115,"column":52},"end":{"line":115,"column":60}},"type":"cond-expr","locations":[{"start":{"line":115,"column":52},"end":{"line":115,"column":60}},{"start":{"line":115,"column":60},"end":{"line":115,"column":null}}]},"11":{"loc":{"start":{"line":125,"column":13},"end":{"line":156,"column":null}},"type":"if","locations":[{"start":{"line":125,"column":13},"end":{"line":156,"column":null}},{"start":{"line":125,"column":13},"end":{"line":156,"column":null}}]},"12":{"loc":{"start":{"line":126,"column":52},"end":{"line":126,"column":60}},"type":"cond-expr","locations":[{"start":{"line":126,"column":52},"end":{"line":126,"column":60}},{"start":{"line":126,"column":60},"end":{"line":126,"column":null}}]}},"s":{"0":3,"1":3,"2":3,"3":3,"4":3,"5":2,"6":0,"7":2,"8":0,"9":2,"10":0,"11":2,"12":0,"13":2,"14":2,"15":3,"16":3,"17":3,"18":0,"19":0,"20":0,"21":0,"22":3,"23":0,"24":0,"25":0,"26":0,"27":3,"28":0,"29":0,"30":0,"31":0,"32":3,"33":0,"34":0,"35":0,"36":0,"37":0,"38":0,"39":0,"40":3,"41":0,"42":0,"43":0,"44":0,"45":0,"46":0,"47":0,"48":3,"49":3,"50":3,"51":3,"52":3,"53":3,"54":1,"55":1,"56":1,"57":2,"58":0,"59":2,"60":1,"61":1,"62":4,"63":0,"64":1,"65":3,"66":1,"67":0},"f":{"0":2,"1":0,"2":0,"3":0,"4":0,"5":2,"6":3,"7":0,"8":0,"9":0,"10":0,"11":0,"12":3,"13":2,"14":0,"15":4,"16":0,"17":3},"b":{"0":[2,2],"1":[0,0],"2":[0,0],"3":[0,0],"4":[0,0],"5":[0,0],"6":[0,0],"7":[0,0],"8":[3,3],"9":[1,2],"10":[1,0],"11":[1,1],"12":[1,0]}}
,"/Users/georgetan/Documents/snippets/eo-immoc/json-schema-form/packages/fields/NumberField.tsx": {"path":"/Users/georgetan/Documents/snippets/eo-immoc/json-schema-form/packages/fields/NumberField.tsx","statementMap":{"0":{"start":{"line":1,"column":0},"end":{"line":1,"column":null}},"1":{"start":{"line":2,"column":0},"end":{"line":2,"column":null}},"2":{"start":{"line":4,"column":15},"end":{"line":4,"column":31}},"3":{"start":{"line":8,"column":26},"end":{"line":16,"column":null}},"4":{"start":{"line":9,"column":20},"end":{"line":9,"column":27}},"5":{"start":{"line":11,"column":6},"end":{"line":15,"column":null}},"6":{"start":{"line":12,"column":8},"end":{"line":12,"column":13}},"7":{"start":{"line":14,"column":8},"end":{"line":14,"column":13}},"8":{"start":{"line":18,"column":4},"end":{"line":18,"column":11}},"9":{"start":{"line":19,"column":24},"end":{"line":19,"column":null}},"10":{"start":{"line":20,"column":6},"end":{"line":20,"column":null}}},"fnMap":{"0":{"name":"(anonymous_0)","decl":{"start":{"line":7,"column":2},"end":{"line":7,"column":7}},"loc":{"start":{"line":7,"column":13},"end":{"line":24,"column":null}}},"1":{"name":"(anonymous_1)","decl":{"start":{"line":8,"column":26},"end":{"line":8,"column":36}},"loc":{"start":{"line":8,"column":36},"end":{"line":16,"column":null}}},"2":{"name":"(anonymous_2)","decl":{"start":{"line":18,"column":11},"end":{"line":18,"column":16}},"loc":{"start":{"line":18,"column":16},"end":{"line":23,"column":null}}}},"branchMap":{"0":{"loc":{"start":{"line":11,"column":6},"end":{"line":15,"column":null}},"type":"if","locations":[{"start":{"line":11,"column":6},"end":{"line":15,"column":null}},{"start":{"line":11,"column":6},"end":{"line":15,"column":null}}]}},"s":{"0":3,"1":3,"2":3,"3":7,"4":1,"5":1,"6":0,"7":1,"8":7,"9":10,"10":10},"f":{"0":7,"1":1,"2":10},"b":{"0":[0,1]}}
,"/Users/georgetan/Documents/snippets/eo-immoc/json-schema-form/packages/fields/ObjectField.tsx": {"path":"/Users/georgetan/Documents/snippets/eo-immoc/json-schema-form/packages/fields/ObjectField.tsx","statementMap":{"0":{"start":{"line":1,"column":0},"end":{"line":1,"column":null}},"1":{"start":{"line":8,"column":0},"end":{"line":8,"column":null}},"2":{"start":{"line":9,"column":0},"end":{"line":9,"column":null}},"3":{"start":{"line":10,"column":0},"end":{"line":10,"column":null}},"4":{"start":{"line":15,"column":15},"end":{"line":15,"column":31}},"5":{"start":{"line":23,"column":20},"end":{"line":23,"column":null}},"6":{"start":{"line":25,"column":25},"end":{"line":35,"column":null}},"7":{"start":{"line":26,"column":25},"end":{"line":26,"column":null}},"8":{"start":{"line":28,"column":6},"end":{"line":32,"column":null}},"9":{"start":{"line":29,"column":8},"end":{"line":29,"column":15}},"10":{"start":{"line":31,"column":8},"end":{"line":31,"column":13}},"11":{"start":{"line":34,"column":6},"end":{"line":34,"column":11}},"12":{"start":{"line":37,"column":4},"end":{"line":37,"column":11}},"13":{"start":{"line":38,"column":29},"end":{"line":38,"column":null}},"14":{"start":{"line":39,"column":44},"end":{"line":39,"column":null}},"15":{"start":{"line":41,"column":25},"end":{"line":41,"column":null}},"16":{"start":{"line":43,"column":32},"end":{"line":43,"column":null}},"17":{"start":{"line":45,"column":6},"end":{"line":45,"column":13}},"18":{"start":{"line":45,"column":41},"end":{"line":45,"column":42}},"19":{"start":{"line":51,"column":32},"end":{"line":51,"column":45}}},"fnMap":{"0":{"name":"(anonymous_0)","decl":{"start":{"line":18,"column":2},"end":{"line":18,"column":7}},"loc":{"start":{"line":18,"column":13},"end":{"line":55,"column":null}}},"1":{"name":"(anonymous_1)","decl":{"start":{"line":25,"column":25},"end":{"line":25,"column":26}},"loc":{"start":{"line":25,"column":47},"end":{"line":35,"column":null}}},"2":{"name":"(anonymous_2)","decl":{"start":{"line":37,"column":11},"end":{"line":37,"column":16}},"loc":{"start":{"line":37,"column":16},"end":{"line":54,"column":null}}},"3":{"name":"(anonymous_3)","decl":{"start":{"line":45,"column":41},"end":{"line":45,"column":42}},"loc":{"start":{"line":45,"column":41},"end":{"line":45,"column":42}}},"4":{"name":"(anonymous_4)","decl":{"start":{"line":51,"column":21},"end":{"line":51,"column":32}},"loc":{"start":{"line":51,"column":32},"end":{"line":51,"column":45}}}},"branchMap":{"0":{"loc":{"start":{"line":26,"column":49},"end":{"line":26,"column":63}},"type":"cond-expr","locations":[{"start":{"line":26,"column":49},"end":{"line":26,"column":63}},{"start":{"line":26,"column":63},"end":{"line":26,"column":null}}]},"1":{"loc":{"start":{"line":28,"column":6},"end":{"line":32,"column":null}},"type":"if","locations":[{"start":{"line":28,"column":6},"end":{"line":32,"column":null}},{"start":{"line":28,"column":6},"end":{"line":32,"column":null}}]},"2":{"loc":{"start":{"line":41,"column":25},"end":{"line":41,"column":46}},"type":"binary-expr","locations":[{"start":{"line":41,"column":25},"end":{"line":41,"column":46}},{"start":{"line":41,"column":46},"end":{"line":41,"column":null}}]},"3":{"loc":{"start":{"line":43,"column":50},"end":{"line":43,"column":58}},"type":"cond-expr","locations":[{"start":{"line":43,"column":50},"end":{"line":43,"column":58}},{"start":{"line":43,"column":58},"end":{"line":43,"column":null}}]}},"s":{"0":3,"1":3,"2":3,"3":3,"4":3,"5":3,"6":3,"7":3,"8":3,"9":1,"10":2,"11":3,"12":3,"13":6,"14":6,"15":6,"16":6,"17":6,"18":12,"19":3},"f":{"0":3,"1":3,"2":6,"3":12,"4":3},"b":{"0":[3,0],"1":[1,2],"2":[6,0],"3":[6,0]}}
,"/Users/georgetan/Documents/snippets/eo-immoc/json-schema-form/packages/fields/Select.tsx": {"path":"/Users/georgetan/Documents/snippets/eo-immoc/json-schema-form/packages/fields/Select.tsx","statementMap":{"0":{"start":{"line":1,"column":0},"end":{"line":1,"column":null}},"1":{"start":{"line":3,"column":15},"end":{"line":3,"column":31}},"2":{"start":{"line":24,"column":28},"end":{"line":24,"column":32}},"3":{"start":{"line":26,"column":4},"end":{"line":26,"column":10}},"4":{"start":{"line":27,"column":6},"end":{"line":29,"column":null}},"5":{"start":{"line":28,"column":8},"end":{"line":28,"column":13}},"6":{"start":{"line":32,"column":4},"end":{"line":32,"column":null}},"7":{"start":{"line":33,"column":12},"end":{"line":33,"column":null}},"8":{"start":{"line":35,"column":8},"end":{"line":37,"column":null}},"9":{"start":{"line":36,"column":10},"end":{"line":36,"column":25}},"10":{"start":{"line":41,"column":4},"end":{"line":41,"column":11}},"11":{"start":{"line":42,"column":6},"end":{"line":42,"column":null}},"12":{"start":{"line":43,"column":41},"end":{"line":42,"column":null}},"13":{"start":{"line":44,"column":35},"end":{"line":44,"column":null}}},"fnMap":{"0":{"name":"(anonymous_0)","decl":{"start":{"line":23,"column":2},"end":{"line":23,"column":7}},"loc":{"start":{"line":23,"column":13},"end":{"line":50,"column":null}}},"1":{"name":"(anonymous_1)","decl":{"start":{"line":26,"column":27},"end":{"line":26,"column":33}},"loc":{"start":{"line":26,"column":36},"end":{"line":30,"column":null}}},"2":{"name":"(anonymous_2)","decl":{"start":{"line":33,"column":6},"end":{"line":33,"column":12}},"loc":{"start":{"line":33,"column":12},"end":{"line":33,"column":null}}},"3":{"name":"(anonymous_3)","decl":{"start":{"line":34,"column":6},"end":{"line":34,"column":12}},"loc":{"start":{"line":34,"column":15},"end":{"line":38,"column":null}}},"4":{"name":"(anonymous_4)","decl":{"start":{"line":41,"column":11},"end":{"line":41,"column":16}},"loc":{"start":{"line":41,"column":16},"end":{"line":49,"column":null}}},"5":{"name":"(anonymous_5)","decl":{"start":{"line":42,"column":6},"end":{"line":42,"column":null}},"loc":{"start":{"line":43,"column":41},"end":{"line":42,"column":null}}},"6":{"name":"(anonymous_6)","decl":{"start":{"line":44,"column":29},"end":{"line":44,"column":35}},"loc":{"start":{"line":44,"column":35},"end":{"line":44,"column":null}}}},"branchMap":{"0":{"loc":{"start":{"line":27,"column":6},"end":{"line":29,"column":null}},"type":"if","locations":[{"start":{"line":27,"column":6},"end":{"line":29,"column":null}},{"start":{"line":27,"column":6},"end":{"line":29,"column":null}}]},"1":{"loc":{"start":{"line":35,"column":8},"end":{"line":37,"column":null}},"type":"if","locations":[{"start":{"line":35,"column":8},"end":{"line":37,"column":null}},{"start":{"line":35,"column":8},"end":{"line":37,"column":null}}]}},"s":{"0":3,"1":3,"2":1,"3":1,"4":0,"5":0,"6":1,"7":1,"8":0,"9":0,"10":1,"11":1,"12":0,"13":3},"f":{"0":1,"1":0,"2":1,"3":0,"4":1,"5":0,"6":3},"b":{"0":[0,0],"1":[0,0]}}
,"/Users/georgetan/Documents/snippets/eo-immoc/json-schema-form/packages/fields/StringField.tsx": {"path":"/Users/georgetan/Documents/snippets/eo-immoc/json-schema-form/packages/fields/StringField.tsx","statementMap":{"0":{"start":{"line":1,"column":0},"end":{"line":1,"column":null}},"1":{"start":{"line":2,"column":0},"end":{"line":2,"column":null}},"2":{"start":{"line":4,"column":15},"end":{"line":4,"column":31}},"3":{"start":{"line":8,"column":26},"end":{"line":11,"column":null}},"4":{"start":{"line":9,"column":6},"end":{"line":9,"column":13}},"5":{"start":{"line":10,"column":6},"end":{"line":10,"column":11}},"6":{"start":{"line":13,"column":4},"end":{"line":13,"column":11}},"7":{"start":{"line":14,"column":24},"end":{"line":14,"column":null}},"8":{"start":{"line":16,"column":6},"end":{"line":16,"column":null}}},"fnMap":{"0":{"name":"(anonymous_0)","decl":{"start":{"line":7,"column":2},"end":{"line":7,"column":7}},"loc":{"start":{"line":7,"column":13},"end":{"line":20,"column":null}}},"1":{"name":"(anonymous_1)","decl":{"start":{"line":8,"column":26},"end":{"line":8,"column":36}},"loc":{"start":{"line":8,"column":36},"end":{"line":11,"column":null}}},"2":{"name":"(anonymous_2)","decl":{"start":{"line":13,"column":11},"end":{"line":13,"column":16}},"loc":{"start":{"line":13,"column":16},"end":{"line":19,"column":null}}}},"branchMap":{},"s":{"0":3,"1":3,"2":3,"3":4,"4":0,"5":0,"6":4,"7":7,"8":7},"f":{"0":4,"1":0,"2":7},"b":{}}
}
