TN:
SF:/Users/georgetan/Documents/snippets/eo-immoc/json-schema-form/packages/SchemaForm.tsx
FN:21,(anonymous_0)
FN:24,(anonymous_1)
FN:30,(anonymous_2)
FNF:3
FNH:3
FNDA:7,(anonymous_0)
FNDA:4,(anonymous_1)
FNDA:7,(anonymous_2)
DA:1,3
DA:2,3
DA:3,3
DA:6,3
DA:24,7
DA:25,4
DA:28,7
DA:30,7
DA:31,7
DA:32,7
LF:10
LH:10
BRF:0
BRH:0
end_of_record
TN:
SF:/Users/georgetan/Documents/snippets/eo-immoc/json-schema-form/packages/SchemaItem.tsx
FN:17,(anonymous_0)
FN:19,(anonymous_1)
FN:24,(anonymous_2)
FNF:3
FNH:3
FNDA:17,(anonymous_0)
FNDA:20,(anonymous_1)
FNDA:23,(anonymous_2)
DA:1,3
DA:2,3
DA:3,3
DA:4,3
DA:5,3
DA:6,3
DA:12,3
DA:14,3
DA:19,17
DA:20,20
DA:21,20
DA:24,17
DA:25,23
DA:27,23
DA:30,23
DA:34,23
DA:36,7
DA:37,7
DA:40,10
DA:41,10
DA:44,3
DA:45,3
DA:48,3
DA:49,3
DA:52,0
DA:56,23
LF:26
LH:25
BRDA:35,0,0,7
BRDA:35,0,1,10
BRDA:35,0,2,3
BRDA:35,0,3,3
BRDA:35,0,4,0
BRF:5
BRH:4
end_of_record
TN:
SF:/Users/georgetan/Documents/snippets/eo-immoc/json-schema-form/packages/context.ts
FN:8,useSchemaFromContext
FNF:1
FNH:1
FNDA:6,useSchemaFromContext
DA:1,3
DA:4,3
DA:11,6
DA:13,6
DA:15,6
LF:5
LH:5
BRDA:13,0,0,0
BRDA:13,0,1,6
BRF:2
BRH:1
end_of_record
TN:
SF:/Users/georgetan/Documents/snippets/eo-immoc/json-schema-form/packages/index.ts
FNF:0
FNH:0
DA:1,3
DA:2,3
DA:3,3
DA:4,3
DA:5,3
DA:6,3
LF:6
LH:6
BRF:0
BRH:0
end_of_record
TN:
SF:/Users/georgetan/Documents/snippets/eo-immoc/json-schema-form/packages/types.ts
FN:3,(anonymous_0)
FNF:1
FNH:1
FNDA:3,(anonymous_0)
DA:3,3
DA:4,3
DA:5,3
DA:6,3
DA:7,3
DA:8,3
DA:9,3
DA:52,3
LF:8
LH:8
BRDA:3,0,0,3
BRDA:3,0,1,3
BRF:2
BRH:2
end_of_record
TN:
SF:/Users/georgetan/Documents/snippets/eo-immoc/json-schema-form/packages/utils.ts
FN:7,isObject
FN:11,isEmptyObject
FN:15,hasOwnProperty
FN:28,validateData
FN:38,resolveSchema
FN:47,(anonymous_5)
FN:57,retrieveSchema
FN:97,stubExistingAdditionalProperties
FN:108,(anonymous_8)
FN:149,resolveReference
FN:162,findSchemaDefinition
FN:181,resolveDependencies
FN:206,processDependencies
FN:248,withDependentProperties
FN:258,withDependentSchema
FN:279,(anonymous_15)
FN:293,withExactlyOneSubschema
FN:300,(anonymous_17)
FN:340,mergeSchemas
FN:342,(anonymous_19)
FN:374,getSchemaType
FN:391,(anonymous_21)
FN:423,guessType
FN:441,isConstant
FN:448,isSelect
FN:454,(anonymous_25)
FN:459,isMultiSelect
FN:467,getMatchingOption
FN:486,(anonymous_28)
FN:526,mergeDefaultsWithFormData
FN:531,(anonymous_30)
FN:539,(anonymous_31)
FN:551,getDefaultFormState
FNF:33
FNH:4
FNDA:29,isObject
FNDA:0,isEmptyObject
FNDA:60,hasOwnProperty
FNDA:0,validateData
FNDA:20,resolveSchema
FNDA:0,(anonymous_5)
FNDA:20,retrieveSchema
FNDA:0,stubExistingAdditionalProperties
FNDA:0,(anonymous_8)
FNDA:0,resolveReference
FNDA:0,findSchemaDefinition
FNDA:0,resolveDependencies
FNDA:0,processDependencies
FNDA:0,withDependentProperties
FNDA:0,withDependentSchema
FNDA:0,(anonymous_15)
FNDA:0,withExactlyOneSubschema
FNDA:0,(anonymous_17)
FNDA:0,mergeSchemas
FNDA:0,(anonymous_19)
FNDA:0,getSchemaType
FNDA:0,(anonymous_21)
FNDA:0,guessType
FNDA:0,isConstant
FNDA:0,isSelect
FNDA:0,(anonymous_25)
FNDA:0,isMultiSelect
FNDA:0,getMatchingOption
FNDA:0,(anonymous_28)
FNDA:0,mergeDefaultsWithFormData
FNDA:0,(anonymous_30)
FNDA:0,(anonymous_31)
FNDA:0,getDefaultFormState
DA:1,3
DA:2,3
DA:3,3
DA:4,3
DA:8,29
DA:12,0
DA:20,60
DA:27,3
DA:29,0
DA:30,0
DA:39,20
DA:40,0
DA:41,20
DA:42,0
DA:43,0
DA:44,20
DA:45,0
DA:48,0
DA:53,20
DA:62,20
DA:63,0
DA:65,20
DA:68,20
DA:69,0
DA:70,0
DA:76,0
DA:77,0
DA:78,0
DA:82,20
DA:84,20
DA:86,0
DA:92,20
DA:95,3
DA:103,0
DA:108,0
DA:109,0
DA:111,0
DA:115,0
DA:116,0
DA:121,0
DA:122,0
DA:124,0
DA:128,0
DA:130,0
DA:133,0
DA:151,0
DA:153,0
DA:155,0
DA:163,0
DA:164,0
DA:166,0
DA:168,0
DA:170,0
DA:171,0
DA:172,0
DA:174,0
DA:176,0
DA:178,0
DA:187,0
DA:188,0
DA:189,0
DA:193,0
DA:194,0
DA:199,0
DA:213,0
DA:215,0
DA:216,0
DA:219,0
DA:223,0
DA:226,0
DA:227,0
DA:228,0
DA:229,0
DA:230,0
DA:238,0
DA:245,0
DA:249,0
DA:250,0
DA:252,0
DA:255,0
DA:266,0
DA:271,0
DA:273,0
DA:274,0
DA:275,0
DA:276,0
DA:279,0
DA:280,0
DA:284,0
DA:300,0
DA:301,0
DA:302,0
DA:304,0
DA:305,0
DA:306,0
DA:313,0
DA:314,0
DA:317,0
DA:318,0
DA:321,0
DA:324,0
DA:326,0
DA:327,0
DA:328,0
DA:341,0
DA:342,0
DA:343,0
DA:344,0
DA:345,0
DA:346,0
DA:347,0
DA:357,0
DA:359,0
DA:361,0
DA:375,0
DA:377,0
DA:378,0
DA:381,0
DA:382,0
DA:385,0
DA:386,0
DA:389,0
DA:390,0
DA:391,0
DA:394,0
DA:423,3
DA:424,0
DA:425,0
DA:426,0
DA:427,0
DA:428,0
DA:429,0
DA:430,0
DA:431,0
DA:432,0
DA:433,0
DA:434,0
DA:435,0
DA:438,0
DA:442,0
DA:449,0
DA:450,0
DA:451,0
DA:452,0
DA:453,0
DA:454,0
DA:456,0
DA:460,0
DA:461,0
DA:463,0
DA:472,0
DA:473,0
DA:482,0
DA:485,0
DA:486,0
DA:494,0
DA:496,0
DA:498,0
DA:499,0
DA:502,0
DA:505,0
DA:507,0
DA:509,0
DA:514,0
DA:516,0
DA:517,0
DA:519,0
DA:520,0
DA:523,0
DA:527,0
DA:528,0
DA:529,0
DA:531,0
DA:532,0
DA:533,0
DA:535,0
DA:537,0
DA:538,0
DA:539,0
DA:540,0
DA:544,0
DA:547,0
DA:557,0
DA:558,0
DA:561,0
DA:570,0
DA:572,0
DA:574,0
DA:575,0
DA:577,0
DA:578,0
DA:580,0
LF:192
LH:19
BRDA:8,0,0,29
BRDA:8,0,1,29
BRDA:8,0,2,29
BRDA:12,1,0,0
BRDA:12,1,1,0
BRDA:38,2,0,0
BRDA:38,3,0,0
BRDA:39,4,0,0
BRDA:39,4,1,20
BRDA:41,5,0,0
BRDA:41,5,1,20
BRDA:44,6,0,0
BRDA:44,6,1,20
BRDA:44,7,0,20
BRDA:44,7,1,0
BRDA:59,8,0,0
BRDA:60,9,0,8
BRDA:62,10,0,0
BRDA:62,10,1,20
BRDA:68,11,0,0
BRDA:68,11,1,20
BRDA:82,12,0,20
BRDA:82,12,1,0
BRDA:84,13,0,0
BRDA:84,13,1,20
BRDA:99,14,0,0
BRDA:100,15,0,0
BRDA:109,16,0,0
BRDA:109,16,1,0
BRDA:115,17,0,0
BRDA:115,17,1,0
BRDA:121,18,0,0
BRDA:121,18,1,0
BRDA:162,19,0,0
BRDA:164,20,0,0
BRDA:164,20,1,0
BRDA:171,21,0,0
BRDA:171,21,1,0
BRDA:174,22,0,0
BRDA:174,22,1,0
BRDA:187,23,0,0
BRDA:188,24,0,0
BRDA:188,24,1,0
BRDA:193,25,0,0
BRDA:193,25,1,0
BRDA:215,26,0,0
BRDA:215,26,1,0
BRDA:219,27,0,0
BRDA:219,27,1,0
BRDA:220,28,0,0
BRDA:220,28,1,0
BRDA:227,29,0,0
BRDA:227,29,1,0
BRDA:229,30,0,0
BRDA:229,30,1,0
BRDA:249,31,0,0
BRDA:249,31,1,0
BRDA:253,32,0,0
BRDA:253,32,1,0
BRDA:273,33,0,0
BRDA:273,33,1,0
BRDA:275,34,0,0
BRDA:275,34,1,0
BRDA:281,35,0,0
BRDA:281,35,1,0
BRDA:301,36,0,0
BRDA:301,36,1,0
BRDA:305,37,0,0
BRDA:305,37,1,0
BRDA:314,38,0,0
BRDA:314,38,1,0
BRDA:317,39,0,0
BRDA:317,39,1,0
BRDA:343,40,0,0
BRDA:343,40,1,0
BRDA:345,41,0,0
BRDA:345,41,1,0
BRDA:345,42,0,0
BRDA:345,42,1,0
BRDA:345,42,2,0
BRDA:347,43,0,0
BRDA:347,43,1,0
BRDA:348,44,0,0
BRDA:348,44,1,0
BRDA:348,44,2,0
BRDA:348,44,3,0
BRDA:348,44,4,0
BRDA:348,44,5,0
BRDA:348,44,6,0
BRDA:377,45,0,0
BRDA:377,45,1,0
BRDA:377,46,0,0
BRDA:377,46,1,0
BRDA:381,47,0,0
BRDA:381,47,1,0
BRDA:381,48,0,0
BRDA:381,48,1,0
BRDA:385,49,0,0
BRDA:385,49,1,0
BRDA:385,50,0,0
BRDA:385,50,1,0
BRDA:385,50,2,0
BRDA:390,51,0,0
BRDA:390,51,1,0
BRDA:390,52,0,0
BRDA:390,52,1,0
BRDA:390,52,2,0
BRDA:424,53,0,0
BRDA:424,53,1,0
BRDA:426,54,0,0
BRDA:426,54,1,0
BRDA:428,55,0,0
BRDA:428,55,1,0
BRDA:430,56,0,0
BRDA:430,56,1,0
BRDA:432,57,0,0
BRDA:432,57,1,0
BRDA:434,58,0,0
BRDA:434,58,1,0
BRDA:443,59,0,0
BRDA:443,59,1,0
BRDA:443,59,2,0
BRDA:448,60,0,0
BRDA:450,61,0,0
BRDA:450,61,1,0
BRDA:451,62,0,0
BRDA:451,62,1,0
BRDA:453,63,0,0
BRDA:453,63,1,0
BRDA:459,64,0,0
BRDA:460,65,0,0
BRDA:460,65,1,0
BRDA:460,66,0,0
BRDA:460,66,1,0
BRDA:482,67,0,0
BRDA:482,67,1,0
BRDA:494,68,0,0
BRDA:494,68,1,0
BRDA:498,69,0,0
BRDA:498,69,1,0
BRDA:516,70,0,0
BRDA:516,70,1,0
BRDA:519,71,0,0
BRDA:519,71,1,0
BRDA:527,72,0,0
BRDA:527,72,1,0
BRDA:528,73,0,0
BRDA:528,73,1,0
BRDA:532,74,0,0
BRDA:532,74,1,0
BRDA:537,75,0,0
BRDA:537,75,1,0
BRDA:541,76,0,0
BRDA:541,76,1,0
BRDA:557,77,0,0
BRDA:557,77,1,0
BRDA:570,78,0,0
BRDA:570,78,1,0
BRDA:574,79,0,0
BRDA:574,79,1,0
BRDA:574,80,0,0
BRDA:574,80,1,0
BRDA:577,81,0,0
BRDA:577,81,1,0
BRDA:577,82,0,0
BRDA:577,82,1,0
BRDA:577,82,2,0
BRDA:580,83,0,0
BRDA:580,83,1,0
BRF:169
BRH:12
end_of_record
TN:
SF:/Users/georgetan/Documents/snippets/eo-immoc/json-schema-form/packages/fields/ArrayField.tsx
FN:30,(anonymous_0)
FN:31,(anonymous_1)
FN:32,(anonymous_2)
FN:33,(anonymous_3)
FN:34,(anonymous_4)
FN:36,(anonymous_5)
FN:61,(anonymous_6)
FN:64,(anonymous_7)
FN:71,(anonymous_8)
FN:78,(anonymous_9)
FN:85,(anonymous_10)
FN:94,(anonymous_11)
FN:104,(anonymous_12)
FN:116,(anonymous_13)
FN:122,(anonymous_14)
FN:127,(anonymous_15)
FN:140,(anonymous_17)
FN:145,(anonymous_18)
FNF:18
FNH:7
FNDA:2,(anonymous_0)
FNDA:0,(anonymous_1)
FNDA:0,(anonymous_2)
FNDA:0,(anonymous_3)
FNDA:0,(anonymous_4)
FNDA:2,(anonymous_5)
FNDA:3,(anonymous_6)
FNDA:0,(anonymous_7)
FNDA:0,(anonymous_8)
FNDA:0,(anonymous_9)
FNDA:0,(anonymous_10)
FNDA:0,(anonymous_11)
FNDA:3,(anonymous_12)
FNDA:2,(anonymous_13)
FNDA:0,(anonymous_14)
FNDA:4,(anonymous_15)
FNDA:0,(anonymous_17)
FNDA:3,(anonymous_18)
DA:1,3
DA:2,3
DA:3,3
DA:4,3
DA:6,3
DA:31,2
DA:32,2
DA:33,2
DA:34,2
DA:36,2
DA:37,2
DA:58,3
DA:62,3
DA:64,3
DA:65,0
DA:66,0
DA:67,0
DA:68,0
DA:71,3
DA:72,0
DA:73,0
DA:74,0
DA:75,0
DA:78,3
DA:79,0
DA:80,0
DA:81,0
DA:82,0
DA:85,3
DA:86,0
DA:87,0
DA:88,0
DA:89,0
DA:90,0
DA:91,0
DA:94,3
DA:95,0
DA:96,0
DA:97,0
DA:99,0
DA:100,0
DA:101,0
DA:104,3
DA:105,3
DA:106,3
DA:109,3
DA:111,3
DA:113,3
DA:114,1
DA:115,1
DA:116,2
DA:122,0
DA:125,2
DA:126,1
DA:127,4
DA:140,0
DA:145,3
DA:149,1
DA:157,0
LF:59
LH:32
BRDA:45,0,0,2
BRDA:45,0,1,2
BRDA:66,1,0,0
BRDA:66,1,1,0
BRDA:73,2,0,0
BRDA:73,2,1,0
BRDA:80,3,0,0
BRDA:80,3,1,0
BRDA:86,4,0,0
BRDA:86,4,1,0
BRDA:88,5,0,0
BRDA:88,5,1,0
BRDA:96,6,0,0
BRDA:96,6,1,0
BRDA:97,7,0,0
BRDA:97,7,1,0
BRDA:111,8,0,3
BRDA:111,8,1,3
BRDA:113,9,0,1
BRDA:113,9,1,2
BRDA:115,10,0,1
BRDA:115,10,1,0
BRDA:125,11,0,1
BRDA:125,11,1,1
BRDA:126,12,0,1
BRDA:126,12,1,0
BRF:26
BRH:10
end_of_record
TN:
SF:/Users/georgetan/Documents/snippets/eo-immoc/json-schema-form/packages/fields/NumberField.tsx
FN:7,(anonymous_0)
FN:8,(anonymous_1)
FN:18,(anonymous_2)
FNF:3
FNH:3
FNDA:7,(anonymous_0)
FNDA:1,(anonymous_1)
FNDA:10,(anonymous_2)
DA:1,3
DA:2,3
DA:4,3
DA:8,7
DA:9,1
DA:11,1
DA:12,0
DA:14,1
DA:18,7
DA:19,10
DA:20,10
LF:11
LH:10
BRDA:11,0,0,0
BRDA:11,0,1,1
BRF:2
BRH:1
end_of_record
TN:
SF:/Users/georgetan/Documents/snippets/eo-immoc/json-schema-form/packages/fields/ObjectField.tsx
FN:18,(anonymous_0)
FN:25,(anonymous_1)
FN:37,(anonymous_2)
FN:45,(anonymous_3)
FN:51,(anonymous_4)
FNF:5
FNH:5
FNDA:3,(anonymous_0)
FNDA:3,(anonymous_1)
FNDA:6,(anonymous_2)
FNDA:12,(anonymous_3)
FNDA:3,(anonymous_4)
DA:1,3
DA:8,3
DA:9,3
DA:10,3
DA:15,3
DA:23,3
DA:25,3
DA:26,3
DA:28,3
DA:29,1
DA:31,2
DA:34,3
DA:37,3
DA:38,6
DA:39,6
DA:41,6
DA:43,6
DA:45,12
DA:51,3
LF:19
LH:19
BRDA:26,0,0,3
BRDA:26,0,1,0
BRDA:28,1,0,1
BRDA:28,1,1,2
BRDA:41,2,0,6
BRDA:41,2,1,0
BRDA:43,3,0,6
BRDA:43,3,1,0
BRF:8
BRH:5
end_of_record
TN:
SF:/Users/georgetan/Documents/snippets/eo-immoc/json-schema-form/packages/fields/Select.tsx
FN:23,(anonymous_0)
FN:26,(anonymous_1)
FN:33,(anonymous_2)
FN:34,(anonymous_3)
FN:41,(anonymous_4)
FN:42,(anonymous_5)
FN:44,(anonymous_6)
FNF:7
FNH:4
FNDA:1,(anonymous_0)
FNDA:0,(anonymous_1)
FNDA:1,(anonymous_2)
FNDA:0,(anonymous_3)
FNDA:1,(anonymous_4)
FNDA:0,(anonymous_5)
FNDA:3,(anonymous_6)
DA:1,3
DA:3,3
DA:24,1
DA:26,1
DA:27,0
DA:28,0
DA:32,1
DA:33,1
DA:35,0
DA:36,0
DA:41,1
DA:42,1
DA:43,0
DA:44,3
LF:14
LH:9
BRDA:27,0,0,0
BRDA:27,0,1,0
BRDA:35,1,0,0
BRDA:35,1,1,0
BRF:4
BRH:0
end_of_record
TN:
SF:/Users/georgetan/Documents/snippets/eo-immoc/json-schema-form/packages/fields/StringField.tsx
FN:7,(anonymous_0)
FN:8,(anonymous_1)
FN:13,(anonymous_2)
FNF:3
FNH:2
FNDA:4,(anonymous_0)
FNDA:0,(anonymous_1)
FNDA:7,(anonymous_2)
DA:1,3
DA:2,3
DA:4,3
DA:8,4
DA:9,0
DA:10,0
DA:13,4
DA:14,7
DA:16,7
LF:9
LH:7
BRF:0
BRH:0
end_of_record
